Testing on task_chunks/2010/task_chunk_00000.csv
[INFO] Log file created: /zfsstore/user/lik6/cml_unit_value/logs/hs_010121_2010_m_20250621_210139.log
Starting analysis for HS code 010121 in year 2010...

[INFO] Log file created: /zfsstore/user/lik6/cml_unit_value/logs/hs_010121_2010_x_20250621_210139.log
Starting analysis for HS code 010121 in year 2010...

[INFO] Log file created: /zfsstore/user/lik6/cml_unit_value/logs/hs_010129_2010_m_20250621_210139.log
Starting analysis for HS code 010129 in year 2010...

[INFO] Log file created: /zfsstore/user/lik6/cml_unit_value/logs/hs_010129_2010_x_20250621_210139.log
Starting analysis for HS code 010129 in year 2010...

[INFO] Log file created: /zfsstore/user/lik6/cml_unit_value/logs/hs_010130_2010_m_20250621_210139.log
Starting analysis for HS code 010130 in year 2010...

[INFO] Log file created: /zfsstore/user/lik6/cml_unit_value/logs/hs_010130_2010_x_20250621_210139.log
Starting analysis for HS code 010130 in year 2010...

[INFO] Log file created: /zfsstore/user/lik6/cml_unit_value/logs/hs_010190_2010_m_20250621_210139.log
Starting analysis for HS code 010190 in year 2010...

Running modality test on unit values...
📈 GMM selection: BIC-best=4, L-adjust=None, Tick-adjust=None, Selected=4
[INFO] Log file created: /zfsstore/user/lik6/cml_unit_value/logs/hs_010190_2010_x_20250621_210214.log
Starting analysis for HS code 010190 in year 2010...

Running modality test on unit values...
[INFO] Log file created: /zfsstore/user/lik6/cml_unit_value/logs/hs_010221_2010_m_20250621_210301.log
Starting analysis for HS code 010221 in year 2010...

[INFO] Log file created: /zfsstore/user/lik6/cml_unit_value/logs/hs_010221_2010_x_20250621_210301.log
Starting analysis for HS code 010221 in year 2010...

[INFO] Log file created: /zfsstore/user/lik6/cml_unit_value/logs/hs_010229_2010_m_20250621_210301.log
Starting analysis for HS code 010229 in year 2010...

[INFO] Log file created: /zfsstore/user/lik6/cml_unit_value/logs/hs_010229_2010_x_20250621_210301.log
Starting analysis for HS code 010229 in year 2010...

[INFO] Log file created: /zfsstore/user/lik6/cml_unit_value/logs/hs_010239_2010_m_20250621_210301.log
Starting analysis for HS code 010239 in year 2010...

[INFO] Log file created: /zfsstore/user/lik6/cml_unit_value/logs/hs_010239_2010_x_20250621_210301.log
Starting analysis for HS code 010239 in year 2010...

[INFO] Log file created: /zfsstore/user/lik6/cml_unit_value/logs/hs_010290_2010_m_20250621_210301.log
Starting analysis for HS code 010290 in year 2010...

Running modality test on unit values...
[INFO] Log file created: /zfsstore/user/lik6/cml_unit_value/logs/hs_010290_2010_x_20250621_210353.log
Starting analysis for HS code 010290 in year 2010...

Running modality test on unit values...
📈 GMM selection: BIC-best=3, L-adjust=None, Tick-adjust=None, Selected=3
[INFO] Log file created: /zfsstore/user/lik6/cml_unit_value/logs/hs_010310_2010_m_20250621_210442.log
Starting analysis for HS code 010310 in year 2010...

[INFO] Log file created: /zfsstore/user/lik6/cml_unit_value/logs/hs_010310_2010_x_20250621_210442.log
Starting analysis for HS code 010310 in year 2010...

[INFO] Log file created: /zfsstore/user/lik6/cml_unit_value/logs/hs_010391_2010_m_20250621_210442.log
Starting analysis for HS code 010391 in year 2010...

[INFO] Log file created: /zfsstore/user/lik6/cml_unit_value/logs/hs_010391_2010_x_20250621_210442.log
Starting analysis for HS code 010391 in year 2010...

[INFO] Log file created: /zfsstore/user/lik6/cml_unit_value/logs/hs_010392_2010_m_20250621_210442.log
Starting analysis for HS code 010392 in year 2010...

Running modality test on unit values...
[INFO] Log file created: /zfsstore/user/lik6/cml_unit_value/logs/hs_010392_2010_x_20250621_210514.log
Starting analysis for HS code 010392 in year 2010...

Running modality test on unit values...
[INFO] Log file created: /zfsstore/user/lik6/cml_unit_value/logs/hs_010410_2010_m_20250621_210541.log
Starting analysis for HS code 010410 in year 2010...

Running modality test on unit values...
📈 GMM selection: BIC-best=2, L-adjust=None, Tick-adjust=None, Selected=2
[INFO] Log file created: /zfsstore/user/lik6/cml_unit_value/logs/hs_010410_2010_x_20250621_210550.log
Starting analysis for HS code 010410 in year 2010...

Running modality test on unit values...
[INFO] Log file created: /zfsstore/user/lik6/cml_unit_value/logs/hs_010420_2010_m_20250621_210622.log
Starting analysis for HS code 010420 in year 2010...

[INFO] Log file created: /zfsstore/user/lik6/cml_unit_value/logs/hs_010420_2010_x_20250621_210622.log
Starting analysis for HS code 010420 in year 2010...

[INFO] Log file created: /zfsstore/user/lik6/cml_unit_value/logs/hs_010511_2010_m_20250621_210622.log
Starting analysis for HS code 010511 in year 2010...

Running modality test on unit values...
📈 GMM selection: BIC-best=6, L-adjust=None, Tick-adjust=None, Selected=6
📈 GMM selection: BIC-best=5, L-adjust=4, Tick-adjust=None, Selected=4
[INFO] Log file created: /zfsstore/user/lik6/cml_unit_value/logs/hs_010511_2010_x_20250621_210654.log
Starting analysis for HS code 010511 in year 2010...

Running modality test on unit values...
📈 GMM selection: BIC-best=5, L-adjust=4, Tick-adjust=None, Selected=4
📈 GMM selection: BIC-best=8, L-adjust=3, Tick-adjust=None, Selected=3
[INFO] Log file created: /zfsstore/user/lik6/cml_unit_value/logs/hs_010512_2010_m_20250621_210712.log
Starting analysis for HS code 010512 in year 2010...

[INFO] Log file created: /zfsstore/user/lik6/cml_unit_value/logs/hs_010512_2010_x_20250621_210712.log
Starting analysis for HS code 010512 in year 2010...

[INFO] Log file created: /zfsstore/user/lik6/cml_unit_value/logs/hs_010513_2010_m_20250621_210712.log
Starting analysis for HS code 010513 in year 2010...

[INFO] Log file created: /zfsstore/user/lik6/cml_unit_value/logs/hs_010513_2010_x_20250621_210712.log
Starting analysis for HS code 010513 in year 2010...

[INFO] Log file created: /zfsstore/user/lik6/cml_unit_value/logs/hs_010514_2010_m_20250621_210712.log
Starting analysis for HS code 010514 in year 2010...

[INFO] Log file created: /zfsstore/user/lik6/cml_unit_value/logs/hs_010514_2010_x_20250621_210712.log
Starting analysis for HS code 010514 in year 2010...

[INFO] Log file created: /zfsstore/user/lik6/cml_unit_value/logs/hs_010515_2010_m_20250621_210712.log
Starting analysis for HS code 010515 in year 2010...

[INFO] Log file created: /zfsstore/user/lik6/cml_unit_value/logs/hs_010515_2010_x_20250621_210712.log
Starting analysis for HS code 010515 in year 2010...

[INFO] Log file created: /zfsstore/user/lik6/cml_unit_value/logs/hs_010594_2010_m_20250621_210712.log
Starting analysis for HS code 010594 in year 2010...

[INFO] Log file created: /zfsstore/user/lik6/cml_unit_value/logs/hs_010594_2010_x_20250621_210712.log
Starting analysis for HS code 010594 in year 2010...

[INFO] Log file created: /zfsstore/user/lik6/cml_unit_value/logs/hs_010599_2010_m_20250621_210712.log
Starting analysis for HS code 010599 in year 2010...

[INFO] Log file created: /zfsstore/user/lik6/cml_unit_value/logs/hs_010599_2010_x_20250621_210712.log
Starting analysis for HS code 010599 in year 2010...

[INFO] Log file created: /zfsstore/user/lik6/cml_unit_value/logs/hs_010611_2010_m_20250621_210712.log
Starting analysis for HS code 010611 in year 2010...

[INFO] Log file created: /zfsstore/user/lik6/cml_unit_value/logs/hs_010611_2010_x_20250621_210712.log
Starting analysis for HS code 010611 in year 2010...

[INFO] Log file created: /zfsstore/user/lik6/cml_unit_value/logs/hs_010612_2010_m_20250621_210713.log
Starting analysis for HS code 010612 in year 2010...

[INFO] Log file created: /zfsstore/user/lik6/cml_unit_value/logs/hs_010612_2010_x_20250621_210713.log
Starting analysis for HS code 010612 in year 2010...

[INFO] Log file created: /zfsstore/user/lik6/cml_unit_value/logs/hs_010614_2010_m_20250621_210713.log
Starting analysis for HS code 010614 in year 2010...

[INFO] Log file created: /zfsstore/user/lik6/cml_unit_value/logs/hs_010614_2010_x_20250621_210713.log
Starting analysis for HS code 010614 in year 2010...

[INFO] Log file created: /zfsstore/user/lik6/cml_unit_value/logs/hs_010619_2010_m_20250621_210713.log
Starting analysis for HS code 010619 in year 2010...

Running modality test on unit values...
[INFO] Log file created: /zfsstore/user/lik6/cml_unit_value/logs/hs_010619_2010_x_20250621_210746.log
Starting analysis for HS code 010619 in year 2010...

Running modality test on unit values...
📈 GMM selection: BIC-best=6, L-adjust=None, Tick-adjust=None, Selected=6
[INFO] Log file created: /zfsstore/user/lik6/cml_unit_value/logs/hs_010620_2010_m_20250621_210822.log
Starting analysis for HS code 010620 in year 2010...

Running modality test on unit values...
[INFO] Log file created: /zfsstore/user/lik6/cml_unit_value/logs/hs_010620_2010_x_20250621_210849.log
Starting analysis for HS code 010620 in year 2010...

[INFO] Log file created: /zfsstore/user/lik6/cml_unit_value/logs/hs_010631_2010_m_20250621_210849.log
Starting analysis for HS code 010631 in year 2010...

[INFO] Log file created: /zfsstore/user/lik6/cml_unit_value/logs/hs_010631_2010_x_20250621_210849.log
Starting analysis for HS code 010631 in year 2010...

[INFO] Log file created: /zfsstore/user/lik6/cml_unit_value/logs/hs_010632_2010_m_20250621_210849.log
Starting analysis for HS code 010632 in year 2010...

[INFO] Log file created: /zfsstore/user/lik6/cml_unit_value/logs/hs_010632_2010_x_20250621_210849.log
Starting analysis for HS code 010632 in year 2010...

[INFO] Log file created: /zfsstore/user/lik6/cml_unit_value/logs/hs_010633_2010_m_20250621_210849.log
Starting analysis for HS code 010633 in year 2010...

[INFO] Log file created: /zfsstore/user/lik6/cml_unit_value/logs/hs_010633_2010_x_20250621_210849.log
Starting analysis for HS code 010633 in year 2010...

[INFO] Log file created: /zfsstore/user/lik6/cml_unit_value/logs/hs_010639_2010_m_20250621_210849.log
Starting analysis for HS code 010639 in year 2010...

[INFO] Log file created: /zfsstore/user/lik6/cml_unit_value/logs/hs_010639_2010_x_20250621_210849.log
Starting analysis for HS code 010639 in year 2010...

Running modality test on unit values...
[INFO] Log file created: /zfsstore/user/lik6/cml_unit_value/logs/hs_010649_2010_m_20250621_210923.log
Starting analysis for HS code 010649 in year 2010...

[INFO] Log file created: /zfsstore/user/lik6/cml_unit_value/logs/hs_010649_2010_x_20250621_210923.log
Starting analysis for HS code 010649 in year 2010...

[INFO] Log file created: /zfsstore/user/lik6/cml_unit_value/logs/hs_010690_2010_m_20250621_210923.log
Starting analysis for HS code 010690 in year 2010...

Running modality test on unit values...
📈 GMM selection: BIC-best=3, L-adjust=None, Tick-adjust=None, Selected=3
[INFO] Log file created: /zfsstore/user/lik6/cml_unit_value/logs/hs_010690_2010_x_20250621_211042.log
Starting analysis for HS code 010690 in year 2010...

Running modality test on unit values...
📈 GMM selection: BIC-best=5, L-adjust=None, Tick-adjust=None, Selected=5
[INFO] Log file created: /zfsstore/user/lik6/cml_unit_value/logs/hs_020110_2010_m_20250621_211113.log
Starting analysis for HS code 020110 in year 2010...

Running modality test on unit values...
[INFO] Log file created: /zfsstore/user/lik6/cml_unit_value/logs/hs_020110_2010_x_20250621_211148.log
Starting analysis for HS code 020110 in year 2010...

Running modality test on unit values...
[INFO] Log file created: /zfsstore/user/lik6/cml_unit_value/logs/hs_020120_2010_m_20250621_211207.log
Starting analysis for HS code 020120 in year 2010...

Running modality test on unit values...
📈 GMM selection: BIC-best=5, L-adjust=None, Tick-adjust=None, Selected=5
[INFO] Log file created: /zfsstore/user/lik6/cml_unit_value/logs/hs_020120_2010_x_20250621_211300.log
Starting analysis for HS code 020120 in year 2010...

Running modality test on unit values...
[INFO] Log file created: /zfsstore/user/lik6/cml_unit_value/logs/hs_020130_2010_m_20250621_211343.log
Starting analysis for HS code 020130 in year 2010...

Running modality test on unit values...
[INFO] Log file created: /zfsstore/user/lik6/cml_unit_value/logs/hs_020130_2010_x_20250621_211427.log
Starting analysis for HS code 020130 in year 2010...

Running modality test on unit values...
📈 GMM selection: BIC-best=4, L-adjust=2, Tick-adjust=None, Selected=2
[INFO] Log file created: /zfsstore/user/lik6/cml_unit_value/logs/hs_020210_2010_m_20250621_211516.log
Starting analysis for HS code 020210 in year 2010...

Running modality test on unit values...
[INFO] Log file created: /zfsstore/user/lik6/cml_unit_value/logs/hs_020210_2010_x_20250621_211551.log
Starting analysis for HS code 020210 in year 2010...

