Testing on task_chunks/2010/task_chunk_00000.csv
Processing chunk row 1/70: 10121, 2010, m
[INFO] Log file created: /zfsstore/user/lik6/cml_unit_value/logs/hs_10121_2010_m_20250621_153132.log
Starting analysis for HS code 10121 in year 2010...

Running modality test on unit values...
Processing chunk row 2/70: 10121, 2010, x
[INFO] Log file created: /zfsstore/user/lik6/cml_unit_value/logs/hs_10121_2010_x_20250621_153203.log
Starting analysis for HS code 10121 in year 2010...

Running modality test on unit values...
Processing chunk row 3/70: 10129, 2010, m
[INFO] Log file created: /zfsstore/user/lik6/cml_unit_value/logs/hs_10129_2010_m_20250621_153247.log
Starting analysis for HS code 10129 in year 2010...

Processing chunk row 4/70: 10129, 2010, x
[INFO] Log file created: /zfsstore/user/lik6/cml_unit_value/logs/hs_10129_2010_x_20250621_153247.log
Starting analysis for HS code 10129 in year 2010...

Processing chunk row 5/70: 10130, 2010, m
[INFO] Log file created: /zfsstore/user/lik6/cml_unit_value/logs/hs_10130_2010_m_20250621_153247.log
Starting analysis for HS code 10130 in year 2010...

Running modality test on unit values...
📈 GMM selection: BIC-best=3, L-adjust=None, Tick-adjust=None, Selected=3
Processing chunk row 6/70: 10130, 2010, x
[INFO] Log file created: /zfsstore/user/lik6/cml_unit_value/logs/hs_10130_2010_x_20250621_153259.log
Starting analysis for HS code 10130 in year 2010...

Running modality test on unit values...
📈 GMM selection: BIC-best=5, L-adjust=3, Tick-adjust=3, Selected=3
Processing chunk row 7/70: 10190, 2010, m
[INFO] Log file created: /zfsstore/user/lik6/cml_unit_value/logs/hs_10190_2010_m_20250621_153308.log
Starting analysis for HS code 10190 in year 2010...

Running modality test on unit values...
📈 GMM selection: BIC-best=4, L-adjust=None, Tick-adjust=None, Selected=4
Processing chunk row 8/70: 10190, 2010, x
[INFO] Log file created: /zfsstore/user/lik6/cml_unit_value/logs/hs_10190_2010_x_20250621_153342.log
Starting analysis for HS code 10190 in year 2010...

Running modality test on unit values...
Processing chunk row 9/70: 10221, 2010, m
[INFO] Log file created: /zfsstore/user/lik6/cml_unit_value/logs/hs_10221_2010_m_20250621_153429.log
Starting analysis for HS code 10221 in year 2010...

Running modality test on unit values...
Processing chunk row 10/70: 10221, 2010, x
[INFO] Log file created: /zfsstore/user/lik6/cml_unit_value/logs/hs_10221_2010_x_20250621_153518.log
Starting analysis for HS code 10221 in year 2010...

Running modality test on unit values...
📈 GMM selection: BIC-best=3, L-adjust=None, Tick-adjust=None, Selected=3
📈 GMM selection: BIC-best=3, L-adjust=None, Tick-adjust=None, Selected=3
Processing chunk row 11/70: 10229, 2010, m
[INFO] Log file created: /zfsstore/user/lik6/cml_unit_value/logs/hs_10229_2010_m_20250621_153644.log
Starting analysis for HS code 10229 in year 2010...

Running modality test on unit values...
📈 GMM selection: BIC-best=3, L-adjust=None, Tick-adjust=None, Selected=3
Processing chunk row 12/70: 10229, 2010, x
[INFO] Log file created: /zfsstore/user/lik6/cml_unit_value/logs/hs_10229_2010_x_20250621_153721.log
Starting analysis for HS code 10229 in year 2010...

Running modality test on unit values...
📈 GMM selection: BIC-best=2, L-adjust=None, Tick-adjust=None, Selected=2
📈 GMM selection: BIC-best=1, L-adjust=None, Tick-adjust=None, Selected=1
Processing chunk row 13/70: 10239, 2010, m
[INFO] Log file created: /zfsstore/user/lik6/cml_unit_value/logs/hs_10239_2010_m_20250621_153752.log
Starting analysis for HS code 10239 in year 2010...

