Testing on task_chunks/2010/task_chunk_00000.csv
[INFO] Log file created: /zfsstore/user/lik6/cml_unit_value/logs/hs_010121_2010_m_20250621_204231.log
Starting analysis for HS code 010121 in year 2010...

[INFO] Log file created: /zfsstore/user/lik6/cml_unit_value/logs/hs_010121_2010_x_20250621_204231.log
Starting analysis for HS code 010121 in year 2010...

[INFO] Log file created: /zfsstore/user/lik6/cml_unit_value/logs/hs_010129_2010_m_20250621_204231.log
Starting analysis for HS code 010129 in year 2010...

[INFO] Log file created: /zfsstore/user/lik6/cml_unit_value/logs/hs_010129_2010_x_20250621_204231.log
Starting analysis for HS code 010129 in year 2010...

[INFO] Log file created: /zfsstore/user/lik6/cml_unit_value/logs/hs_010130_2010_m_20250621_204231.log
Starting analysis for HS code 010130 in year 2010...

[INFO] Log file created: /zfsstore/user/lik6/cml_unit_value/logs/hs_010130_2010_x_20250621_204231.log
Starting analysis for HS code 010130 in year 2010...

[INFO] Log file created: /zfsstore/user/lik6/cml_unit_value/logs/hs_010190_2010_m_20250621_204231.log
Starting analysis for HS code 010190 in year 2010...

Running modality test on unit values...
📈 GMM selection: BIC-best=4, L-adjust=None, Tick-adjust=None, Selected=4
[INFO] Log file created: /zfsstore/user/lik6/cml_unit_value/logs/hs_010190_2010_x_20250621_204305.log
Starting analysis for HS code 010190 in year 2010...

Running modality test on unit values...
[INFO] Log file created: /zfsstore/user/lik6/cml_unit_value/logs/hs_010221_2010_m_20250621_204353.log
Starting analysis for HS code 010221 in year 2010...

[INFO] Log file created: /zfsstore/user/lik6/cml_unit_value/logs/hs_010221_2010_x_20250621_204353.log
Starting analysis for HS code 010221 in year 2010...

[INFO] Log file created: /zfsstore/user/lik6/cml_unit_value/logs/hs_010229_2010_m_20250621_204353.log
Starting analysis for HS code 010229 in year 2010...

[INFO] Log file created: /zfsstore/user/lik6/cml_unit_value/logs/hs_010229_2010_x_20250621_204353.log
Starting analysis for HS code 010229 in year 2010...

[INFO] Log file created: /zfsstore/user/lik6/cml_unit_value/logs/hs_010239_2010_m_20250621_204353.log
Starting analysis for HS code 010239 in year 2010...

[INFO] Log file created: /zfsstore/user/lik6/cml_unit_value/logs/hs_010239_2010_x_20250621_204353.log
Starting analysis for HS code 010239 in year 2010...

[INFO] Log file created: /zfsstore/user/lik6/cml_unit_value/logs/hs_010290_2010_m_20250621_204353.log
Starting analysis for HS code 010290 in year 2010...

Running modality test on unit values...
📈 GMM selection: BIC-best=3, L-adjust=None, Tick-adjust=None, Selected=3
[INFO] Log file created: /zfsstore/user/lik6/cml_unit_value/logs/hs_010290_2010_x_20250621_204446.log
Starting analysis for HS code 010290 in year 2010...

Running modality test on unit values...
📈 GMM selection: BIC-best=3, L-adjust=None, Tick-adjust=None, Selected=3
[INFO] Log file created: /zfsstore/user/lik6/cml_unit_value/logs/hs_010310_2010_m_20250621_204535.log
Starting analysis for HS code 010310 in year 2010...

[INFO] Log file created: /zfsstore/user/lik6/cml_unit_value/logs/hs_010310_2010_x_20250621_204535.log
Starting analysis for HS code 010310 in year 2010...

[INFO] Log file created: /zfsstore/user/lik6/cml_unit_value/logs/hs_010391_2010_m_20250621_204535.log
Starting analysis for HS code 010391 in year 2010...

[INFO] Log file created: /zfsstore/user/lik6/cml_unit_value/logs/hs_010391_2010_x_20250621_204535.log
Starting analysis for HS code 010391 in year 2010...

[INFO] Log file created: /zfsstore/user/lik6/cml_unit_value/logs/hs_010392_2010_m_20250621_204535.log
Starting analysis for HS code 010392 in year 2010...

Running modality test on unit values...
[INFO] Log file created: /zfsstore/user/lik6/cml_unit_value/logs/hs_010392_2010_x_20250621_204608.log
Starting analysis for HS code 010392 in year 2010...

Running modality test on unit values...
[INFO] Log file created: /zfsstore/user/lik6/cml_unit_value/logs/hs_010410_2010_m_20250621_204635.log
Starting analysis for HS code 010410 in year 2010...

Running modality test on unit values...
📈 GMM selection: BIC-best=2, L-adjust=None, Tick-adjust=None, Selected=2
[INFO] Log file created: /zfsstore/user/lik6/cml_unit_value/logs/hs_010410_2010_x_20250621_204643.log
Starting analysis for HS code 010410 in year 2010...

Running modality test on unit values...
