[2025-07-26 16:08:15] INFO     Clean trade data (HS 010130, 2010, M)
[2025-07-26 16:08:15] INFO     📄 Found file: C:/Users/laptop-kl/OneDrive - Universiteit Leiden/PlasticTradeFlow/tradeflow/cml_trade/cml_unit_value/data_uncomtrade\split_by_hs_2010_numpy\H4_010130_2010.csv
[2025-07-26 16:08:15] INFO     🧹 Cleaning Summary:
[2025-07-26 16:08:15] INFO      - Initial rows: 5
[2025-07-26 16:08:15] INFO      - Valid country filter: 5 (100.00%)
[2025-07-26 16:08:15] INFO      - Valid trade value filter: 0 (0.00%)
[2025-07-26 16:08:15] INFO      - Valid kg-based UV rows: 0 (0.00%)
[2025-07-26 16:08:15] WARNING  ⚠️ No non-kg units found in qty rows.
[2025-07-26 16:08:15] INFO     ✅ Finished cleaning: HS 010130, Year 2010, Flow M
[2025-07-26 16:08:15] INFO     ✅ Completed trade data cleaning completed in 0.02 seconds.
[2025-07-26 16:08:15] INFO     Outlier detection (HS 010130, 2010, M)
[2025-07-26 16:08:15] WARNING  ⚠️ No valid UV records available for 010130-2010-m — skipping outlier detection.
[2025-07-26 16:08:15] WARNING  ⚠️ No valid UV records available for 010130-2010-m — skipping outlier detection.
[2025-07-26 16:08:15] WARNING  ❌ Skipping both kg-based and non-kg-based analysis due to insufficient sample size.
[2025-07-26 16:15:54] INFO     Clean trade data (HS 010130, 2010, M)
[2025-07-26 16:15:54] INFO     📄 Found file: C:/Users/laptop-kl/OneDrive - Universiteit Leiden/PlasticTradeFlow/tradeflow/cml_trade/cml_unit_value/data_uncomtrade\split_by_hs_2010_numpy\H4_010130_2010.csv
[2025-07-26 16:15:54] INFO     🧹 Cleaning Summary:
[2025-07-26 16:15:54] INFO      - Initial rows: 5
[2025-07-26 16:15:54] INFO      - Valid country filter: 5 (100.00%)
[2025-07-26 16:15:54] INFO      - Valid trade value filter: 0 (0.00%)
[2025-07-26 16:15:54] INFO      - Valid kg-based UV rows: 0 (0.00%)
[2025-07-26 16:15:54] WARNING  ⚠️ No non-kg units found in qty rows.
[2025-07-26 16:15:54] INFO     ✅ Finished cleaning: HS 010130, Year 2010, Flow M
[2025-07-26 16:15:54] INFO     ✅ Completed trade data cleaning completed in 0.02 seconds.
[2025-07-26 16:15:54] INFO     Outlier detection (HS 010130, 2010, M)
[2025-07-26 16:15:54] WARNING  ⚠️ No valid UV records available for 010130-2010-m — skipping outlier detection.
[2025-07-26 16:15:54] WARNING  ⚠️ No valid UV records available for 010130-2010-m — skipping outlier detection.
[2025-07-26 16:15:54] WARNING  ❌ Skipping both kg-based and non-kg-based analysis due to insufficient sample size.
[2025-07-26 16:23:30] INFO     Clean trade data (HS 010130, 2010, M)
[2025-07-26 16:23:30] INFO     📄 Found file: C:/Users/laptop-kl/OneDrive - Universiteit Leiden/PlasticTradeFlow/tradeflow/cml_trade/cml_unit_value/data_uncomtrade\split_by_hs_2010_numpy\H4_010130_2010.csv
[2025-07-26 16:23:30] INFO     🧹 Cleaning Summary:
[2025-07-26 16:23:30] INFO      - Initial rows: 5
[2025-07-26 16:23:30] INFO      - Valid country filter: 5 (100.00%)
[2025-07-26 16:23:30] INFO      - Valid trade value filter: 0 (0.00%)
[2025-07-26 16:23:30] INFO      - Valid kg-based UV rows: 0 (0.00%)
[2025-07-26 16:23:30] WARNING  ⚠️ No non-kg units found in qty rows.
[2025-07-26 16:23:30] INFO     ✅ Finished cleaning: HS 010130, Year 2010, Flow M
[2025-07-26 16:23:30] INFO     ✅ Completed trade data cleaning completed in 0.02 seconds.
[2025-07-26 16:23:30] INFO     Outlier detection (HS 010130, 2010, M)
[2025-07-26 16:23:30] WARNING  ⚠️ No valid UV records available for 010130-2010-m — skipping outlier detection.
[2025-07-26 16:23:30] WARNING  ⚠️ No valid UV records available for 010130-2010-m — skipping outlier detection.
[2025-07-26 16:23:30] WARNING  ❌ Skipping both kg-based and non-kg-based analysis due to insufficient sample size.
