[2025-06-21 21:14:27] INFO     Clean trade data (HS 020130, 2010, X)
[2025-06-21 21:14:27] INFO     📄 Found file: /zfsstore/user/lik6/cml_unit_value/data_uncomtrade/split_by_hs_2010_numpy/H4_020130_2010.csv
[2025-06-21 21:14:27] INFO     🧹 Cleaning Summary:
[2025-06-21 21:14:27] INFO      - Initial rows: 11230
[2025-06-21 21:14:27] INFO      - Valid country filter: 10432 (92.89%)
[2025-06-21 21:14:27] INFO      - Valid trade value filter: 2563 (22.82%)
[2025-06-21 21:14:27] INFO      - Valid kg-based UV rows: 2543 (22.64%)
[2025-06-21 21:14:27] WARNING  ⚠️ No non-kg units found in qty rows.
[2025-06-21 21:14:27] INFO     ✅ Finished cleaning: HS 020130, Year 2010, Flow X
[2025-06-21 21:14:27] INFO     ✅ Completed trade data cleaning completed in 0.07 seconds.
[2025-06-21 21:14:27] INFO     Outlier detection (HS 020130, 2010, X)
[2025-06-21 21:14:27] INFO     log(UV)=0 present but no spike: 1 vs. neighbors avg 2.5 (share = 0.00%) — kept
[2025-06-21 21:14:28] INFO     📁 Saved histogram to /zfsstore/user/lik6/cml_unit_value/figures/hist_od_020130_2010_x_kg.pdf
[2025-06-21 21:14:28] INFO     📊 Outlier Detection on USD/kg (020130-2010, x):
[2025-06-21 21:14:28] INFO     - Total rows: 2543
[2025-06-21 21:14:28] INFO     - Z-score outliers: 54
[2025-06-21 21:14:28] INFO     - log(UV) = 0 rows: 0 (share = 0.00%), removed: 0
[2025-06-21 21:14:28] INFO     - ✅ Total dropped: 54 rows (2.123%)
[2025-06-21 21:14:28] INFO     - ✅ Remaining rows: 2489
[2025-06-21 21:14:28] INFO     ✅ Completed outlier detection completed in 0.30 seconds.
[2025-06-21 21:14:28] INFO     Histogram (HS 020130, 2010, X)
[2025-06-21 21:14:28] INFO     ✅ Completed histogram completed in 0.25 seconds.
[2025-06-21 21:14:28] INFO     Modality Test (HS 020130, 2010, X)
[2025-06-21 21:14:35] INFO     📈 Modality Test Summary:
[2025-06-21 21:14:35] INFO     - Column tested: ln_uv
[2025-06-21 21:14:35] INFO     - Original sample size: 2489
[2025-06-21 21:14:35] INFO     ✅ Full sample used.
[2025-06-21 21:14:35] INFO     - Final decision: unimodal (1 reject out of 2)
[2025-06-21 21:14:35] WARNING  ⚠️ Borderline modality test result: SI and HH disagree.
[2025-06-21 21:14:35] INFO     ✅ Completed modality test completed in 7.61 seconds.
[2025-06-21 21:14:35] INFO     Fitting Unimodal distribution of kg-based UV (2010, X)
[2025-06-21 21:14:35] INFO     Fitted Norm Distribution
[2025-06-21 21:14:35] INFO     norm_loc: 2.0539
[2025-06-21 21:14:35] INFO     norm_scale: 0.5557
[2025-06-21 21:14:35] INFO     norm_loglik: -2069.3025
[2025-06-21 21:14:35] INFO     norm_mean: 2.0539
[2025-06-21 21:14:35] INFO     norm_median: 2.0539
[2025-06-21 21:14:35] INFO     norm_mode: 2.0539
[2025-06-21 21:14:35] INFO     norm_variance: 0.3088
[2025-06-21 21:14:35] INFO     norm_sample_variance: 0.3089
[2025-06-21 21:14:35] INFO     norm_skew: 0.0000
[2025-06-21 21:14:35] INFO     norm_kurtosis: 0.0000
[2025-06-21 21:14:35] INFO     norm_aic: 4142.6050
[2025-06-21 21:14:35] INFO     norm_bic: 4154.2443
[2025-06-21 21:14:35] INFO     Fitted Skewnorm Distribution
[2025-06-21 21:14:35] INFO     skewnorm_a: 1.4159
[2025-06-21 21:14:35] INFO     skewnorm_loc: 1.5792
[2025-06-21 21:14:35] INFO     skewnorm_scale: 0.7309
[2025-06-21 21:14:35] INFO     skewnorm_loglik: -2048.0792
[2025-06-21 21:14:35] INFO     skewnorm_mean: 2.0555
[2025-06-21 21:14:35] INFO     skewnorm_median: 2.0291
[2025-06-21 21:14:35] INFO     skewnorm_mode: 1.9747
[2025-06-21 21:14:35] INFO     skewnorm_variance: 0.3073
[2025-06-21 21:14:36] INFO     skewnorm_sample_variance: 0.3089
[2025-06-21 21:14:36] INFO     skewnorm_skew: 0.2723
[2025-06-21 21:14:36] INFO     skewnorm_kurtosis: 0.1544
[2025-06-21 21:14:36] INFO     skewnorm_aic: 4102.1583
[2025-06-21 21:14:36] INFO     skewnorm_bic: 4119.6172
[2025-06-21 21:14:36] INFO     Fitted T Distribution
[2025-06-21 21:14:36] INFO     t_df: 8.4567
[2025-06-21 21:14:36] INFO     t_loc: 2.0380
[2025-06-21 21:14:36] INFO     t_scale: 0.4871
[2025-06-21 21:14:36] INFO     t_loglik: -2043.7173
[2025-06-21 21:14:36] INFO     t_mean: 2.0380
[2025-06-21 21:14:36] INFO     t_median: 2.0380
[2025-06-21 21:14:36] INFO     t_mode: 2.0380
[2025-06-21 21:14:36] INFO     t_variance: 0.3108
[2025-06-21 21:14:36] INFO     t_sample_variance: 0.3089
[2025-06-21 21:14:36] INFO     t_skew: 0.0000
[2025-06-21 21:14:36] INFO     t_kurtosis: 1.3463
[2025-06-21 21:14:36] INFO     t_aic: 4093.4346
[2025-06-21 21:14:36] INFO     t_bic: 4110.8935
[2025-06-21 21:14:36] INFO     Fitted Gennorm Distribution
[2025-06-21 21:14:36] INFO     gennorm_beta: 1.6012
[2025-06-21 21:14:36] INFO     gennorm_loc: 2.0424
[2025-06-21 21:14:36] INFO     gennorm_scale: 0.6811
[2025-06-21 21:14:36] INFO     gennorm_loglik: -2052.1308
[2025-06-21 21:14:36] INFO     gennorm_mean: 2.0424
[2025-06-21 21:14:36] INFO     gennorm_median: 2.0424
[2025-06-21 21:14:36] INFO     gennorm_mode: 2.0424
[2025-06-21 21:14:36] INFO     gennorm_variance: 0.3080
[2025-06-21 21:14:36] INFO     gennorm_sample_variance: 0.3089
[2025-06-21 21:14:36] INFO     gennorm_skew: 0.0000
[2025-06-21 21:14:36] INFO     gennorm_kurtosis: 0.5505
[2025-06-21 21:14:36] INFO     gennorm_aic: 4110.2616
[2025-06-21 21:14:36] INFO     gennorm_bic: 4127.7205
[2025-06-21 21:14:36] INFO     Fitted Johnsonsu Distribution
[2025-06-21 21:14:36] INFO     johnsonsu_a: -0.6197
[2025-06-21 21:14:36] INFO     johnsonsu_b: 2.1664
[2025-06-21 21:14:36] INFO     johnsonsu_loc: 1.7200
[2025-06-21 21:14:36] INFO     johnsonsu_scale: 1.0373
[2025-06-21 21:14:36] INFO     johnsonsu_loglik: -2026.8645
[2025-06-21 21:14:36] INFO     johnsonsu_mean: 2.0546
[2025-06-21 21:14:36] INFO     johnsonsu_median: 2.0208
[2025-06-21 21:14:36] INFO     johnsonsu_mode: 1.9677
[2025-06-21 21:14:36] INFO     johnsonsu_variance: 0.3124
[2025-06-21 21:14:36] INFO     johnsonsu_sample_variance: 0.3089
[2025-06-21 21:14:36] INFO     johnsonsu_skew: 0.4757
[2025-06-21 21:14:36] INFO     johnsonsu_kurtosis: 1.5192
[2025-06-21 21:14:36] INFO     johnsonsu_aic: 4061.7290
[2025-06-21 21:14:36] INFO     johnsonsu_bic: 4085.0075
[2025-06-21 21:14:36] INFO     Fitted Logistic Distribution
[2025-06-21 21:14:36] INFO     logistic_loc: 2.0357
[2025-06-21 21:14:36] INFO     logistic_scale: 0.3084
[2025-06-21 21:14:36] INFO     logistic_loglik: -2043.7226
[2025-06-21 21:14:36] INFO     logistic_mean: 2.0357
[2025-06-21 21:14:36] INFO     logistic_median: 2.0357
[2025-06-21 21:14:36] INFO     logistic_mode: 2.0357
[2025-06-21 21:14:36] INFO     logistic_variance: 0.3128
[2025-06-21 21:14:36] INFO     logistic_sample_variance: 0.3089
[2025-06-21 21:14:36] INFO     logistic_skew: 0.0000
[2025-06-21 21:14:36] INFO     logistic_kurtosis: 1.2000
[2025-06-21 21:14:36] INFO     logistic_aic: 4091.4451
[2025-06-21 21:14:36] INFO     logistic_bic: 4103.0844
[2025-06-21 21:14:36] INFO     Best fit based on AIC/BIC: Johnsonsu
[2025-06-21 21:14:36] INFO     - Johnsonsu distribution fits best based on AIC and BIC.
[2025-06-21 21:14:36] INFO     ✅ Completed unimodal distribution fit (kg-based) completed in 0.31 seconds.
[2025-06-21 21:14:36] INFO     Bootstrapping CI (kg-based) (2010, X)
[2025-06-21 21:15:14] INFO     ✅ Completed ootstrapping CI (kg-based) completed in 37.88 seconds.
[2025-06-21 21:15:14] INFO     Plotting unimodal distribution fit of kg-based UV (2010, X))
[2025-06-21 21:15:14] INFO     ✅ Completed unimodal distribution fit plot for kg-based UV completed in 0.41 seconds.
[2025-06-21 21:15:14] INFO     ⚠️ Borderline modality: Also fitting GMM on kg-based UV
[2025-06-21 21:15:16] INFO     ✅ Completed GMM fit on kg-based UV (borderline) completed in 2.26 seconds.
[2025-06-21 21:15:16] INFO     ✅ Saved final report to /zfsstore/user/lik6/cml_unit_value/reports/report_020130_2010_x.parquet
[2025-06-21 21:15:16] INFO     Clean trade data (HS 020210, 2010, M)
[2025-06-21 21:15:16] INFO     📄 Found file: /zfsstore/user/lik6/cml_unit_value/data_uncomtrade/split_by_hs_2010_numpy/H4_020210_2010.csv
[2025-06-21 21:15:16] INFO     🧹 Cleaning Summary:
[2025-06-21 21:15:16] INFO      - Initial rows: 904
[2025-06-21 21:15:16] INFO      - Valid country filter: 882 (97.57%)
[2025-06-21 21:15:16] INFO      - Valid trade value filter: 291 (32.19%)
[2025-06-21 21:15:16] INFO      - Valid kg-based UV rows: 276 (30.53%)
[2025-06-21 21:15:16] WARNING  ⚠️ No non-kg units found in qty rows.
[2025-06-21 21:15:16] INFO     ✅ Finished cleaning: HS 020210, Year 2010, Flow M
[2025-06-21 21:15:16] INFO     ✅ Completed trade data cleaning completed in 0.10 seconds.
[2025-06-21 21:15:16] INFO     Outlier detection (HS 020210, 2010, M)
[2025-06-21 21:15:16] INFO     log(UV)=0 present but no spike: 9 vs. neighbors avg 13.5 (share = 0.00%) — kept
[2025-06-21 21:15:17] INFO     📁 Saved histogram to /zfsstore/user/lik6/cml_unit_value/figures/hist_od_020210_2010_m_kg.pdf
[2025-06-21 21:15:17] INFO     📊 Outlier Detection on USD/kg (020210-2010, m):
[2025-06-21 21:15:17] INFO     - Total rows: 276
[2025-06-21 21:15:17] INFO     - Z-score outliers: 36
[2025-06-21 21:15:17] INFO     - log(UV) = 0 rows: 0 (share = 0.00%), removed: 0
[2025-06-21 21:15:17] INFO     - ✅ Total dropped: 36 rows (13.043%)
[2025-06-21 21:15:17] INFO     - ✅ Remaining rows: 240
[2025-06-21 21:15:17] INFO     ✅ Completed outlier detection completed in 0.24 seconds.
[2025-06-21 21:15:17] INFO     Histogram (HS 020210, 2010, M)
[2025-06-21 21:15:17] INFO     ✅ Completed histogram completed in 0.21 seconds.
[2025-06-21 21:15:17] INFO     Modality Test (HS 020210, 2010, M)
[2025-06-21 21:15:23] INFO     📈 Modality Test Summary:
[2025-06-21 21:15:23] INFO     - Column tested: ln_uv
[2025-06-21 21:15:23] INFO     - Original sample size: 240
[2025-06-21 21:15:23] INFO     ✅ Full sample used.
[2025-06-21 21:15:23] INFO     - Final decision: unimodal (0 reject out of 2)
[2025-06-21 21:15:23] INFO     ✅ Completed modality test completed in 6.50 seconds.
[2025-06-21 21:15:23] INFO     Fitting Unimodal distribution of kg-based UV (2010, M)
[2025-06-21 21:15:23] INFO     Fitted Norm Distribution
[2025-06-21 21:15:23] INFO     norm_loc: 2.5096
[2025-06-21 21:15:23] INFO     norm_scale: 1.5773
[2025-06-21 21:15:23] INFO     norm_loglik: -449.9149
[2025-06-21 21:15:23] INFO     norm_mean: 2.5096
[2025-06-21 21:15:23] INFO     norm_median: 2.5096
[2025-06-21 21:15:23] INFO     norm_mode: 2.5096
[2025-06-21 21:15:23] INFO     norm_variance: 2.4878
[2025-06-21 21:15:23] INFO     norm_sample_variance: 2.4982
[2025-06-21 21:15:23] INFO     norm_skew: 0.0000
[2025-06-21 21:15:23] INFO     norm_kurtosis: 0.0000
[2025-06-21 21:15:23] INFO     norm_aic: 903.8298
[2025-06-21 21:15:23] INFO     norm_bic: 910.7911
[2025-06-21 21:15:23] INFO     Fitted Skewnorm Distribution
[2025-06-21 21:15:23] INFO     skewnorm_a: 3.0038
[2025-06-21 21:15:23] INFO     skewnorm_loc: 0.8119
[2025-06-21 21:15:23] INFO     skewnorm_scale: 2.3174
[2025-06-21 21:15:23] INFO     skewnorm_loglik: -430.0595
[2025-06-21 21:15:23] INFO     skewnorm_mean: 2.5662
[2025-06-21 21:15:23] INFO     skewnorm_median: 2.3692
[2025-06-21 21:15:23] INFO     skewnorm_mode: 1.9084
[2025-06-21 21:15:23] INFO     skewnorm_variance: 2.2925
[2025-06-21 21:15:23] INFO     skewnorm_sample_variance: 2.4982
[2025-06-21 21:15:23] INFO     skewnorm_skew: 0.6676
[2025-06-21 21:15:23] INFO     skewnorm_kurtosis: 0.5104
[2025-06-21 21:15:23] INFO     skewnorm_aic: 866.1190
[2025-06-21 21:15:23] INFO     skewnorm_bic: 876.5609
[2025-06-21 21:15:23] INFO     Fitted T Distribution
[2025-06-21 21:15:23] INFO     t_df: 2.8627
[2025-06-21 21:15:24] INFO     t_loc: 2.2068
[2025-06-21 21:15:24] INFO     t_scale: 1.0148
[2025-06-21 21:15:24] INFO     t_loglik: -433.4164
[2025-06-21 21:15:24] INFO     t_mean: 2.2068
[2025-06-21 21:15:24] INFO     t_median: 2.2068
[2025-06-21 21:15:24] INFO     t_mode: 2.2068
[2025-06-21 21:15:24] INFO     t_variance: 3.4172
[2025-06-21 21:15:24] INFO     t_sample_variance: 2.4982
[2025-06-21 21:15:24] INFO     t_skew: nan
[2025-06-21 21:15:24] INFO     t_kurtosis: inf
[2025-06-21 21:15:24] INFO     t_aic: 872.8327
[2025-06-21 21:15:24] INFO     t_bic: 883.2746
[2025-06-21 21:15:24] INFO     Fitted Gennorm Distribution
[2025-06-21 21:15:24] INFO     gennorm_beta: 1.1396
[2025-06-21 21:15:24] INFO     gennorm_loc: 2.2568
[2025-06-21 21:15:24] INFO     gennorm_scale: 1.3517
[2025-06-21 21:15:24] INFO     gennorm_loglik: -438.0372
[2025-06-21 21:15:24] INFO     gennorm_mean: 2.2568
[2025-06-21 21:15:24] INFO     gennorm_median: 2.2568
[2025-06-21 21:15:24] INFO     gennorm_mode: 2.2568
[2025-06-21 21:15:24] INFO     gennorm_variance: 2.4618
[2025-06-21 21:15:24] INFO     gennorm_sample_variance: 2.4982
[2025-06-21 21:15:24] INFO     gennorm_skew: 0.0000
[2025-06-21 21:15:24] INFO     gennorm_kurtosis: 2.0471
[2025-06-21 21:15:24] INFO     gennorm_aic: 882.0745
[2025-06-21 21:15:24] INFO     gennorm_bic: 892.5164
[2025-06-21 21:15:24] INFO     Fitted Johnsonsu Distribution
[2025-06-21 21:15:24] INFO     johnsonsu_a: -1.1729
[2025-06-21 21:15:24] INFO     johnsonsu_b: 1.3093
[2025-06-21 21:15:24] INFO     johnsonsu_loc: 1.0580
[2025-06-21 21:15:24] INFO     johnsonsu_scale: 1.0804
[2025-06-21 21:15:24] INFO     johnsonsu_loglik: -416.1899
[2025-06-21 21:15:24] INFO     johnsonsu_mean: 2.5340
[2025-06-21 21:15:24] INFO     johnsonsu_median: 2.1606
[2025-06-21 21:15:24] INFO     johnsonsu_mode: 1.7301
[2025-06-21 21:15:24] INFO     johnsonsu_variance: 3.0160
[2025-06-21 21:15:24] INFO     johnsonsu_sample_variance: 2.4982
[2025-06-21 21:15:24] INFO     johnsonsu_skew: 2.6665
[2025-06-21 21:15:24] INFO     johnsonsu_kurtosis: 18.2532
[2025-06-21 21:15:24] INFO     johnsonsu_aic: 840.3799
[2025-06-21 21:15:24] INFO     johnsonsu_bic: 854.3024
[2025-06-21 21:15:24] INFO     Fitted Logistic Distribution
[2025-06-21 21:15:24] INFO     logistic_loc: 2.3237
[2025-06-21 21:15:24] INFO     logistic_scale: 0.8198
[2025-06-21 21:15:24] INFO     logistic_loglik: -438.7604
[2025-06-21 21:15:24] INFO     logistic_mean: 2.3237
[2025-06-21 21:15:24] INFO     logistic_median: 2.3237
[2025-06-21 21:15:24] INFO     logistic_mode: 2.3237
[2025-06-21 21:15:24] INFO     logistic_variance: 2.2108
[2025-06-21 21:15:24] INFO     logistic_sample_variance: 2.4982
[2025-06-21 21:15:24] INFO     logistic_skew: 0.0000
[2025-06-21 21:15:24] INFO     logistic_kurtosis: 1.2000
[2025-06-21 21:15:24] INFO     logistic_aic: 881.5207
[2025-06-21 21:15:24] INFO     logistic_bic: 888.4820
[2025-06-21 21:15:24] INFO     Best fit based on AIC/BIC: Johnsonsu
[2025-06-21 21:15:24] INFO     - Johnsonsu distribution fits best based on AIC and BIC.
[2025-06-21 21:15:24] INFO     ✅ Completed unimodal distribution fit (kg-based) completed in 0.20 seconds.
[2025-06-21 21:15:24] INFO     Bootstrapping CI (kg-based) (2010, M)
[2025-06-21 21:15:51] INFO     ✅ Completed ootstrapping CI (kg-based) completed in 26.98 seconds.
[2025-06-21 21:15:51] INFO     Plotting unimodal distribution fit of kg-based UV (2010, M))
[2025-06-21 21:15:51] INFO     ✅ Completed unimodal distribution fit plot for kg-based UV completed in 0.80 seconds.
[2025-06-21 21:15:51] INFO     ✅ Saved final report to /zfsstore/user/lik6/cml_unit_value/reports/report_020210_2010_m.parquet
[2025-06-21 21:15:51] INFO     Clean trade data (HS 020210, 2010, X)
[2025-06-21 21:15:51] INFO     📄 Found file: /zfsstore/user/lik6/cml_unit_value/data_uncomtrade/split_by_hs_2010_numpy/H4_020210_2010.csv
[2025-06-21 21:15:51] INFO     🧹 Cleaning Summary:
[2025-06-21 21:15:51] INFO      - Initial rows: 934
[2025-06-21 21:15:51] INFO      - Valid country filter: 827 (88.54%)
[2025-06-21 21:15:51] INFO      - Valid trade value filter: 145 (15.52%)
[2025-06-21 21:15:51] INFO      - Valid kg-based UV rows: 119 (12.74%)
[2025-06-21 21:15:51] WARNING  ⚠️ Only 119 kg-based UV records (<200)
[2025-06-21 21:15:51] WARNING  ⚠️ No non-kg units found in qty rows.
[2025-06-21 21:15:51] INFO     ✅ Finished cleaning: HS 020210, Year 2010, Flow X
[2025-06-21 21:15:51] WARNING  ❌ Skipping both kg-based and non-kg-based analysis due to insufficient sample size.
[2025-06-21 21:15:51] INFO     ✅ Saved final report to /zfsstore/user/lik6/cml_unit_value/reports/report_020210_2010_x.parquet
