[2025-07-28 15:51:24] INFO Clean trade data (HS 220300, 2010, M)
[2025-07-28 15:51:24] INFO 📄 Found file: C:/Users/laptop-kl/OneDrive - Universiteit Leiden/PlasticTradeFlow/tradeflow/cml_trade/cml_unit_value/data_uncomtrade\split_by_hs_2010_numpy\H4_220300_2010.csv
[2025-07-28 15:51:25] INFO 🧹 Cleaning Summary:
[2025-07-28 15:51:25] INFO  - Initial rows: 37720
[2025-07-28 15:51:25] INFO  - Valid country filter: 33223 (88.08%)
[2025-07-28 15:51:25] INFO  - Valid trade value filter: 6340 (16.81%)
[2025-07-28 15:51:25] INFO  - Valid kg-based UV rows: 4898 (12.99%)
[2025-07-28 15:51:25] INFO 📊 Non-kg UV Subset:
[2025-07-28 15:51:25] INFO  - Top unit: Volume in liters (l)
[2025-07-28 15:51:25] INFO  - Share of valid top non-kg UV rows: 54.00% (Required: 10%)
[2025-07-28 15:51:25] INFO  - Valid top non-kg UV count: 3213
[2025-07-28 15:51:25] INFO ✅ Non-kg UV subset created.
[2025-07-28 15:51:25] INFO ✅ Finished cleaning: HS 220300, Year 2010, Flow M
[2025-07-28 15:51:25] INFO ✅ Trade data cleaning completed in 0.16 seconds.
[2025-07-28 15:51:38] INFO Outlier detection (HS 220300, 2010, M, USD/kg)
[2025-07-28 15:51:38] INFO log(UV)=0 present but no spike: 401 vs. neighbors avg 281.5 (share = 1.33%) — kept
[2025-07-28 15:51:39] INFO 📁 Saved histogram to C:/Users/laptop-kl/OneDrive - Universiteit Leiden/PlasticTradeFlow/tradeflow/cml_trade/cml_unit_value_alice\figures\hist_od_220300_2010_m_kg.pdf
[2025-07-28 15:51:39] INFO 📊 Outlier detection summary (HS 220300, 2010, M, USD/kg):
[2025-07-28 15:51:39] INFO - Total rows: 4898
[2025-07-28 15:51:39] INFO - Z-score outliers: 220
[2025-07-28 15:51:39] INFO - log(UV) = 0 rows: 65 (share = 1.33%), removed: 0
[2025-07-28 15:51:39] INFO - Total dropped: 220 rows (4.49%)
[2025-07-28 15:51:39] INFO - Remaining rows: 4678
[2025-07-28 15:51:39] INFO ✅ Outlier detection (HS 220300, 2010, M, USD/kg) completed in 0.56 seconds.
[2025-07-28 15:51:51] INFO Outlier detection (HS 220300, 2010, M, USD/l)
[2025-07-28 15:51:51] INFO log(UV)=0 present but no spike: 223 vs. neighbors avg 210.0 (share = 0.00%) — kept
[2025-07-28 15:51:51] INFO 📁 Saved histogram to C:/Users/laptop-kl/OneDrive - Universiteit Leiden/PlasticTradeFlow/tradeflow/cml_trade/cml_unit_value_alice\figures\hist_od_220300_2010_m_l.pdf
[2025-07-28 15:51:51] INFO 📊 Outlier detection summary (HS 220300, 2010, M, USD/l):
[2025-07-28 15:51:51] INFO - Total rows: 3213
[2025-07-28 15:51:51] INFO - Z-score outliers: 141
[2025-07-28 15:51:51] INFO - log(UV) = 0 rows: 0 (share = 0.00%), removed: 0
[2025-07-28 15:51:51] INFO - Total dropped: 141 rows (4.39%)
[2025-07-28 15:51:51] INFO - Remaining rows: 3072
[2025-07-28 15:51:51] INFO ✅ Outlier detection (HS 220300, 2010, M, USD/l) completed in 0.25 seconds.
[2025-07-28 16:00:38] INFO Outlier detection (HS 220300, 2010, M, USD/kg)
[2025-07-28 16:00:38] INFO log(UV)=0 present but no spike: 401 vs. neighbors avg 281.5 (share = 1.33%) — kept
[2025-07-28 16:00:38] INFO 📁 Saved histogram to C:/Users/laptop-kl/OneDrive - Universiteit Leiden/PlasticTradeFlow/tradeflow/cml_trade/cml_unit_value_alice\figures\hist_od_220300_2010_m_kg.pdf
[2025-07-28 16:00:38] INFO 📊 Outlier detection summary (HS 220300, 2010, M, USD/kg):
[2025-07-28 16:00:38] INFO - Total rows: 4898
[2025-07-28 16:00:38] INFO - Z-score outliers: 220
[2025-07-28 16:00:38] INFO - log(UV) = 0 rows: 65 (share = 1.33%), removed: 0
[2025-07-28 16:00:38] INFO - Total dropped: 220 rows (4.49%)
[2025-07-28 16:00:38] INFO - Remaining rows: 4678
[2025-07-28 16:00:38] INFO ✅ Outlier detection (HS 220300, 2010, M, USD/kg) completed in 0.32 seconds.
[2025-07-28 16:00:43] INFO Outlier detection (HS 220300, 2010, M, USD/l)
[2025-07-28 16:00:43] INFO log(UV)=0 present but no spike: 223 vs. neighbors avg 210.0 (share = 0.00%) — kept
[2025-07-28 16:00:44] INFO 📁 Saved histogram to C:/Users/laptop-kl/OneDrive - Universiteit Leiden/PlasticTradeFlow/tradeflow/cml_trade/cml_unit_value_alice\figures\hist_od_220300_2010_m_l.pdf
[2025-07-28 16:00:44] INFO 📊 Outlier detection summary (HS 220300, 2010, M, USD/l):
[2025-07-28 16:00:44] INFO - Total rows: 3213
[2025-07-28 16:00:44] INFO - Z-score outliers: 141
[2025-07-28 16:00:44] INFO - log(UV) = 0 rows: 0 (share = 0.00%), removed: 0
[2025-07-28 16:00:44] INFO - Total dropped: 141 rows (4.39%)
[2025-07-28 16:00:44] INFO - Remaining rows: 3072
[2025-07-28 16:00:44] INFO ✅ Outlier detection (HS 220300, 2010, M, USD/l) completed in 0.34 seconds.
[2025-07-28 16:01:17] INFO Histogram (HS 220300, 2010, M, USD/kg)
[2025-07-28 16:01:17] INFO ✅ Completed histogram (HS 220300, 2010, M, USD/kg) completed in 0.22 seconds.
[2025-07-28 16:01:17] INFO Histogram (HS 220300, 2010, M, USD/l)
[2025-07-28 16:01:17] INFO ✅ Completed histogram (HS 220300, 2010, M, USD/l) completed in 0.20 seconds.
[2025-07-28 16:05:43] INFO Modality test (HS 220300, 2010, M, USD/kg)
[2025-07-28 16:05:51] INFO 📈 Modality test summary:
[2025-07-28 16:05:51] INFO - Column tested: ln_uv
[2025-07-28 16:05:51] INFO - Original sample size: 4678
[2025-07-28 16:05:51] INFO ✅ Full sample used.
[2025-07-28 16:05:51] INFO - Final decision: unimodal (0 reject out of 2)
[2025-07-28 16:05:51] INFO ✅ Modality test (HS 220300, 2010, M, USD/kg) completed in 7.04 seconds.
[2025-07-28 16:05:51] INFO Modality test (HS 220300, 2010, M, USD/l)
[2025-07-28 16:05:57] INFO 📈 Modality test summary:
[2025-07-28 16:05:57] INFO - Column tested: ln_uv_q
[2025-07-28 16:05:57] INFO - Original sample size: 3072
[2025-07-28 16:05:57] INFO ✅ Full sample used.
[2025-07-28 16:05:57] INFO - Final decision: unimodal (0 reject out of 2)
[2025-07-28 16:05:57] INFO ✅ Modality test (HS 220300, 2010, M, USD/l) completed in 6.82 seconds.
[2025-07-28 16:56:06] INFO Clean trade data (HS 220300, 2010, M)
[2025-07-28 16:56:06] INFO 📄 Found file: C:/Users/laptop-kl/OneDrive - Universiteit Leiden/PlasticTradeFlow/tradeflow/cml_trade/cml_unit_value/data_uncomtrade\split_by_hs_2010_numpy\H4_220300_2010.csv
[2025-07-28 16:56:06] INFO 🧹 Cleaning Summary:
[2025-07-28 16:56:06] INFO  - Initial rows: 37720
[2025-07-28 16:56:06] INFO  - Valid country filter: 33223 (88.08%)
[2025-07-28 16:56:06] INFO  - Valid trade value filter: 6340 (16.81%)
[2025-07-28 16:56:06] INFO  - Valid kg-based UV rows: 4898 (12.99%)
[2025-07-28 16:56:06] INFO 📊 Non-kg UV Subset:
[2025-07-28 16:56:06] INFO  - Top unit: Volume in liters (l)
[2025-07-28 16:56:06] INFO  - Share of valid top non-kg UV rows: 54.00% (Required: 10%)
[2025-07-28 16:56:06] INFO  - Valid top non-kg UV count: 3213
[2025-07-28 16:56:06] INFO ✅ Non-kg UV subset created.
[2025-07-28 16:56:06] INFO ✅ Trade data cleaning completed in 0.2915658950805664 seconds.
[2025-07-28 16:56:52] INFO Clean trade data (HS 220300, 2010, M)
[2025-07-28 16:56:52] INFO 📄 Found file: C:/Users/laptop-kl/OneDrive - Universiteit Leiden/PlasticTradeFlow/tradeflow/cml_trade/cml_unit_value/data_uncomtrade\split_by_hs_2010_numpy\H4_220300_2010.csv
[2025-07-28 16:56:52] INFO 🧹 Cleaning Summary:
[2025-07-28 16:56:52] INFO  - Initial rows: 37720
[2025-07-28 16:56:52] INFO  - Valid country filter: 33223 (88.08%)
[2025-07-28 16:56:52] INFO  - Valid trade value filter: 6340 (16.81%)
[2025-07-28 16:56:52] INFO  - Valid kg-based UV rows: 4898 (12.99%)
[2025-07-28 16:56:52] INFO 📊 Non-kg UV Subset:
[2025-07-28 16:56:52] INFO  - Top unit: Volume in liters (l)
[2025-07-28 16:56:52] INFO  - Share of valid top non-kg UV rows: 54.00% (Required: 10%)
[2025-07-28 16:56:52] INFO  - Valid top non-kg UV count: 3213
[2025-07-28 16:56:52] INFO ✅ Non-kg UV subset created.
[2025-07-28 16:56:52] INFO ✅ Trade data cleaning completed in 0.16 seconds.
[2025-07-28 16:57:10] INFO Clean trade data (HS 220300, 2010, M)
[2025-07-28 16:57:10] INFO 📄 Found file: C:/Users/laptop-kl/OneDrive - Universiteit Leiden/PlasticTradeFlow/tradeflow/cml_trade/cml_unit_value/data_uncomtrade\split_by_hs_2010_numpy\H4_220300_2010.csv
[2025-07-28 16:57:11] INFO 🧹 Cleaning Summary:
[2025-07-28 16:57:11] INFO  - Initial rows: 37720
[2025-07-28 16:57:11] INFO  - Valid country filter: 33223 (88.08%)
[2025-07-28 16:57:11] INFO  - Valid trade value filter: 6340 (16.81%)
[2025-07-28 16:57:11] INFO  - Valid kg-based UV rows: 4898 (12.99%)
[2025-07-28 16:57:11] INFO 📊 Non-kg UV Subset:
[2025-07-28 16:57:11] INFO  - Top unit: Volume in liters (l)
[2025-07-28 16:57:11] INFO  - Share of valid top non-kg UV rows: 54.00% (Required: 10%)
[2025-07-28 16:57:11] INFO  - Valid top non-kg UV count: 3213
[2025-07-28 16:57:11] INFO ✅ Non-kg UV subset created.
[2025-07-28 16:57:11] INFO ✅ Trade data cleaning completed in 0.16 seconds.
[2025-07-28 16:57:18] INFO Outlier detection (HS 220300, 2010, M, USD/kg)
[2025-07-28 16:57:18] INFO log(UV)=0 present but no spike: 401 vs. neighbors avg 281.5 (share = 1.33%) — kept
[2025-07-28 16:57:18] INFO 📁 Saved histogram to C:/Users/laptop-kl/OneDrive - Universiteit Leiden/PlasticTradeFlow/tradeflow/cml_trade/cml_unit_value_alice\figures\hist_od_220300_2010_m_kg.pdf
[2025-07-28 16:57:18] INFO 📊 Outlier detection summary (HS 220300, 2010, M, USD/kg):
[2025-07-28 16:57:18] INFO - Total rows: 4898
[2025-07-28 16:57:18] INFO - Z-score outliers: 220
[2025-07-28 16:57:18] INFO - log(UV) = 0 rows: 65 (share = 1.33%), removed: 0
[2025-07-28 16:57:18] INFO - Total dropped: 220 rows (4.49%)
[2025-07-28 16:57:18] INFO - Remaining rows: 4678
[2025-07-28 16:57:18] INFO ✅ Outlier detection (HS 220300, 2010, M, USD/kg) completed in 0.33 seconds.
[2025-07-28 17:03:18] INFO 🚀 Clean trade data (HS 220300, 2010, M)
[2025-07-28 17:03:18] INFO 📄 Found file: C:/Users/laptop-kl/OneDrive - Universiteit Leiden/PlasticTradeFlow/tradeflow/cml_trade/cml_unit_value/data_uncomtrade\split_by_hs_2010_numpy\H4_220300_2010.csv
[2025-07-28 17:03:18] INFO 📋 Cleaning Summary:
[2025-07-28 17:03:18] INFO  - Initial rows: 37720
[2025-07-28 17:03:18] INFO  - Valid country filter: 33223 (88.08%)
[2025-07-28 17:03:18] INFO  - Valid trade value filter: 6340 (16.81%)
[2025-07-28 17:03:18] INFO  - Valid kg-based UV rows: 4898 (12.99%)
[2025-07-28 17:03:18] INFO 📊 Non-kg UV Subset:
[2025-07-28 17:03:18] INFO  - Top unit: Volume in liters (l)
[2025-07-28 17:03:18] INFO  - Share of valid top non-kg UV rows: 54.00% (Required: 10%)
[2025-07-28 17:03:18] INFO  - Valid top non-kg UV count: 3213
[2025-07-28 17:03:18] INFO ✅ Non-kg UV subset created.
[2025-07-28 17:03:18] INFO ✅ Trade data cleaning completed in 0.16 seconds.
[2025-07-28 17:05:51] INFO 🚀 Clean trade data (HS 220300, 2010, M)
[2025-07-28 17:05:51] INFO 📁 Found file: C:/Users/laptop-kl/OneDrive - Universiteit Leiden/PlasticTradeFlow/tradeflow/cml_trade/cml_unit_value/data_uncomtrade\split_by_hs_2010_numpy\H4_220300_2010.csv
[2025-07-28 17:05:52] INFO 📋 Cleaning Summary:
[2025-07-28 17:05:52] INFO  - Initial rows: 37720
[2025-07-28 17:05:52] INFO  - Valid country filter: 33223 (88.08%)
[2025-07-28 17:05:52] INFO  - Valid trade value filter: 6340 (16.81%)
[2025-07-28 17:05:52] INFO  - Valid kg-based UV rows: 4898 (12.99%)
[2025-07-28 17:05:52] INFO 🧪 Non-kg UV Subset:
[2025-07-28 17:05:52] INFO  - Top unit: Volume in liters (l)
[2025-07-28 17:05:52] INFO  - Share of valid top non-kg UV rows: 54.00% (Required: 10%)
[2025-07-28 17:05:52] INFO  - Valid top non-kg UV count: 3213
[2025-07-28 17:05:52] INFO ✅ Non-kg UV subset created.
[2025-07-28 17:05:52] INFO ✅ Trade data cleaning completed in 0.17 seconds.
[2025-07-28 17:06:22] INFO 🚀 Outlier detection (HS 220300, 2010, M, USD/kg)
[2025-07-28 17:06:22] INFO log(UV)=0 present but no spike: 401 vs. neighbors avg 281.5 (share = 1.33%) — kept
[2025-07-28 17:06:22] INFO 📁 Saved histogram to C:/Users/laptop-kl/OneDrive - Universiteit Leiden/PlasticTradeFlow/tradeflow/cml_trade/cml_unit_value_alice\figures\hist_od_220300_2010_m_kg.pdf
[2025-07-28 17:06:22] INFO 📋 Outlier detection summary (HS 220300, 2010, M, USD/kg):
[2025-07-28 17:06:22] INFO - Total rows: 4898
[2025-07-28 17:06:22] INFO - Z-score outliers: 220
[2025-07-28 17:06:22] INFO - log(UV) = 0 rows: 65 (share = 1.33%), removed: 0
[2025-07-28 17:06:22] INFO - Total dropped: 220 rows (4.49%)
[2025-07-28 17:06:22] INFO - Remaining rows: 4678
[2025-07-28 17:06:22] INFO ✅ Outlier detection (HS 220300, 2010, M, USD/kg) completed in 0.32 seconds.
[2025-07-28 17:06:40] INFO 🚀 Outlier detection (HS 220300, 2010, M, USD/l)
[2025-07-28 17:06:40] INFO log(UV)=0 present but no spike: 223 vs. neighbors avg 210.0 (share = 0.00%) — kept
[2025-07-28 17:06:41] INFO 📁 Saved histogram to C:/Users/laptop-kl/OneDrive - Universiteit Leiden/PlasticTradeFlow/tradeflow/cml_trade/cml_unit_value_alice\figures\hist_od_220300_2010_m_l.pdf
[2025-07-28 17:06:41] INFO 📋 Outlier detection summary (HS 220300, 2010, M, USD/l):
[2025-07-28 17:06:41] INFO - Total rows: 3213
[2025-07-28 17:06:41] INFO - Z-score outliers: 141
[2025-07-28 17:06:41] INFO - log(UV) = 0 rows: 0 (share = 0.00%), removed: 0
[2025-07-28 17:06:41] INFO - Total dropped: 141 rows (4.39%)
[2025-07-28 17:06:41] INFO - Remaining rows: 3072
[2025-07-28 17:06:41] INFO ✅ Outlier detection (HS 220300, 2010, M, USD/l) completed in 0.41 seconds.
[2025-07-28 17:41:54] INFO 🚀 Histogram (HS 220300, 2010, M, USD/kg)
[2025-07-28 17:41:54] INFO ✅ Completed histogram (HS 220300, 2010, M, USD/kg) completed in 0.21 seconds.
[2025-07-28 17:41:54] INFO 🚀 Histogram (HS 220300, 2010, M, USD/l)
[2025-07-28 17:41:54] INFO ✅ Completed histogram (HS 220300, 2010, M, USD/l) completed in 0.20 seconds.
[2025-07-28 17:50:43] INFO 🚀 Histogram (HS 220300, 2010, M, USD/kg)
[2025-07-28 17:50:43] INFO 📁 Saved histogram to C:/Users/laptop-kl/OneDrive - Universiteit Leiden/PlasticTradeFlow/tradeflow/cml_trade/cml_unit_value_alice\figures\hist_220300_2010_m_kg.pdf
[2025-07-28 17:50:43] INFO ✅ Completed histogram (HS 220300, 2010, M, USD/kg) completed in 0.22 seconds.
[2025-07-28 17:50:43] INFO 🚀 Histogram (HS 220300, 2010, M, USD/l)
[2025-07-28 17:50:43] INFO 📁 Saved histogram to C:/Users/laptop-kl/OneDrive - Universiteit Leiden/PlasticTradeFlow/tradeflow/cml_trade/cml_unit_value_alice\figures\hist_220300_2010_m_l.pdf
[2025-07-28 17:50:43] INFO ✅ Completed histogram (HS 220300, 2010, M, USD/l) completed in 0.31 seconds.
[2025-07-28 17:52:00] INFO 🚀 Histogram plotting after outlier detection (HS 220300, 2010, M, USD/kg)
[2025-07-28 17:52:00] INFO 📁 Saved histogram to C:/Users/laptop-kl/OneDrive - Universiteit Leiden/PlasticTradeFlow/tradeflow/cml_trade/cml_unit_value_alice\figures\hist_220300_2010_m_kg.pdf
[2025-07-28 17:52:00] INFO ✅ Histogram plotting after outlier detection (HS 220300, 2010, M, USD/kg) completed in 0.21 seconds.
[2025-07-28 17:52:00] INFO 🚀 Histogram plotting after outlier detection (HS 220300, 2010, M, USD/l)
[2025-07-28 17:52:00] INFO 📁 Saved histogram to C:/Users/laptop-kl/OneDrive - Universiteit Leiden/PlasticTradeFlow/tradeflow/cml_trade/cml_unit_value_alice\figures\hist_220300_2010_m_l.pdf
[2025-07-28 17:52:00] INFO ✅ Histogram plotting after outlier detection (HS 220300, 2010, M, USD/l) completed in 0.21 seconds.
[2025-07-28 17:53:07] INFO 🚀 Modality test (HS 220300, 2010, M,USD/kg)
[2025-07-28 17:53:14] INFO 📈 Modality test summary:
[2025-07-28 17:53:14] INFO - Column tested: ln_uv
[2025-07-28 17:53:14] INFO - Original sample size: 4678
[2025-07-28 17:53:14] INFO ✅ Full sample used.
[2025-07-28 17:53:14] INFO - Final decision: unimodal (0 reject out of 2)
[2025-07-28 17:53:14] INFO ✅ Modality test (HS 220300, 2010, M, USD/kg) completed in 7.26 seconds.
[2025-07-28 17:53:14] INFO 🚀 Modality test (HS 220300, 2010, M,USD/l)
[2025-07-28 17:53:21] INFO 📈 Modality test summary:
[2025-07-28 17:53:21] INFO - Column tested: ln_uv_q
[2025-07-28 17:53:21] INFO - Original sample size: 3072
[2025-07-28 17:53:21] INFO ✅ Full sample used.
[2025-07-28 17:53:21] INFO - Final decision: unimodal (0 reject out of 2)
[2025-07-28 17:53:21] INFO ✅ Modality test (HS 220300, 2010, M, USD/l) completed in 6.68 seconds.
[2025-07-28 17:54:09] INFO 🚀 Clean trade data (HS 220300, 2010, M)
[2025-07-28 17:54:10] INFO 📁 Found file: C:/Users/laptop-kl/OneDrive - Universiteit Leiden/PlasticTradeFlow/tradeflow/cml_trade/cml_unit_value/data_uncomtrade\split_by_hs_2010_numpy\H4_220300_2010.csv
[2025-07-28 17:54:10] INFO 📈 Cleaning Summary:
[2025-07-28 17:54:10] INFO  - Initial rows: 37720
[2025-07-28 17:54:10] INFO  - Valid country filter: 33223 (88.08%)
[2025-07-28 17:54:10] INFO  - Valid trade value filter: 6340 (16.81%)
[2025-07-28 17:54:10] INFO  - Valid kg-based UV rows: 4898 (12.99%)
[2025-07-28 17:54:10] INFO 🧪 Non-kg UV Subset:
[2025-07-28 17:54:10] INFO  - Top unit: Volume in liters (l)
[2025-07-28 17:54:10] INFO  - Share of valid top non-kg UV rows: 54.00% (Required: 10%)
[2025-07-28 17:54:10] INFO  - Valid top non-kg UV count: 3213
[2025-07-28 17:54:10] INFO ✅ Non-kg UV subset created.
[2025-07-28 17:54:10] INFO ✅ Trade data cleaning completed in 1.00 seconds.
[2025-07-28 17:54:16] INFO 🚀 Outlier detection (HS 220300, 2010, M, USD/kg)
[2025-07-28 17:54:16] INFO log(UV)=0 present but no spike: 401 vs. neighbors avg 281.5 (share = 1.33%) — kept
[2025-07-28 17:54:16] INFO 📁 Saved histogram to C:/Users/laptop-kl/OneDrive - Universiteit Leiden/PlasticTradeFlow/tradeflow/cml_trade/cml_unit_value_alice\figures\hist_od_220300_2010_m_kg.pdf
[2025-07-28 17:54:16] INFO 📈 Outlier detection summary (HS 220300, 2010, M, USD/kg):
[2025-07-28 17:54:16] INFO - Total rows: 4898
[2025-07-28 17:54:16] INFO - Z-score outliers: 220
[2025-07-28 17:54:16] INFO - log(UV) = 0 rows: 65 (share = 1.33%), removed: 0
[2025-07-28 17:54:16] INFO - Total dropped: 220 rows (4.49%)
[2025-07-28 17:54:16] INFO - Remaining rows: 4678
[2025-07-28 17:54:16] INFO ✅ Outlier detection (HS 220300, 2010, M, USD/kg) completed in 0.43 seconds.
[2025-07-28 17:54:16] INFO 🚀 Outlier detection (HS 220300, 2010, M, USD/l)
[2025-07-28 17:54:16] INFO log(UV)=0 present but no spike: 223 vs. neighbors avg 210.0 (share = 0.00%) — kept
[2025-07-28 17:54:17] INFO 📁 Saved histogram to C:/Users/laptop-kl/OneDrive - Universiteit Leiden/PlasticTradeFlow/tradeflow/cml_trade/cml_unit_value_alice\figures\hist_od_220300_2010_m_l.pdf
[2025-07-28 17:54:17] INFO 📈 Outlier detection summary (HS 220300, 2010, M, USD/l):
[2025-07-28 17:54:17] INFO - Total rows: 3213
[2025-07-28 17:54:17] INFO - Z-score outliers: 141
[2025-07-28 17:54:17] INFO - log(UV) = 0 rows: 0 (share = 0.00%), removed: 0
[2025-07-28 17:54:17] INFO - Total dropped: 141 rows (4.39%)
[2025-07-28 17:54:17] INFO - Remaining rows: 3072
[2025-07-28 17:54:17] INFO ✅ Outlier detection (HS 220300, 2010, M, USD/l) completed in 0.32 seconds.
[2025-07-28 17:54:35] INFO 🚀 Histogram plotting after outlier detection (HS 220300, 2010, M, USD/kg)
[2025-07-28 17:54:35] INFO 📁 Saved histogram to C:/Users/laptop-kl/OneDrive - Universiteit Leiden/PlasticTradeFlow/tradeflow/cml_trade/cml_unit_value_alice\figures\hist_220300_2010_m_kg.pdf
[2025-07-28 17:54:35] INFO ✅ Histogram plotting after outlier detection (HS 220300, 2010, M, USD/kg) completed in 0.22 seconds.
[2025-07-28 17:54:35] INFO 🚀 Histogram plotting after outlier detection (HS 220300, 2010, M, USD/l)
[2025-07-28 17:54:35] INFO 📁 Saved histogram to C:/Users/laptop-kl/OneDrive - Universiteit Leiden/PlasticTradeFlow/tradeflow/cml_trade/cml_unit_value_alice\figures\hist_220300_2010_m_l.pdf
[2025-07-28 17:54:35] INFO ✅ Histogram plotting after outlier detection (HS 220300, 2010, M, USD/l) completed in 0.21 seconds.
[2025-07-28 17:56:36] INFO 🚀 Modality test (HS 220300, 2010, M,USD/kg)
[2025-07-28 17:56:43] INFO 📈 Modality test summary:
[2025-07-28 17:56:43] INFO - Column tested: ln_uv
[2025-07-28 17:56:43] INFO - Original sample size: 4678
[2025-07-28 17:56:43] INFO ✅ Full sample used.
[2025-07-28 17:56:43] INFO - Final decision: unimodal (0 reject out of 2)
[2025-07-28 17:56:43] INFO ✅ Modality test (HS 220300, 2010, M, USD/kg) completed in 7.31 seconds.
[2025-07-28 17:56:43] INFO 🚀 Modality test (HS 220300, 2010, M,USD/l)
[2025-07-28 17:56:50] INFO 📈 Modality test summary:
[2025-07-28 17:56:50] INFO - Column tested: ln_uv_q
[2025-07-28 17:56:50] INFO - Original sample size: 3072
[2025-07-28 17:56:50] INFO ✅ Full sample used.
[2025-07-28 17:56:50] INFO - Final decision: unimodal (0 reject out of 2)
[2025-07-28 17:56:50] INFO ✅ Modality test (HS 220300, 2010, M, USD/l) completed in 6.87 seconds.
[2025-07-28 17:57:31] INFO 🚀 Modality test (HS 220300, 2010, M, USD/kg)
[2025-07-28 17:57:38] INFO 📈 Modality test summary:
[2025-07-28 17:57:38] INFO - Column tested: ln_uv
[2025-07-28 17:57:38] INFO - Original sample size: 4678
[2025-07-28 17:57:38] INFO ✅ Full sample used.
[2025-07-28 17:57:38] INFO - Final decision: unimodal (0 reject out of 2)
[2025-07-28 17:57:38] INFO ✅ Modality test (HS 220300, 2010, M, USD/kg) completed in 7.45 seconds.
[2025-07-28 17:57:38] INFO 🚀 Modality test (HS 220300, 2010, M, USD/l)
[2025-07-28 17:57:45] INFO 📈 Modality test summary:
[2025-07-28 17:57:45] INFO - Column tested: ln_uv_q
[2025-07-28 17:57:45] INFO - Original sample size: 3072
[2025-07-28 17:57:45] INFO ✅ Full sample used.
[2025-07-28 17:57:45] INFO - Final decision: unimodal (0 reject out of 2)
[2025-07-28 17:57:45] INFO ✅ Modality test (HS 220300, 2010, M, USD/l) completed in 6.90 seconds.
[2025-07-28 18:00:29] INFO Fitting Unimodal distribution of non-kg-based UV (2010, M)
[2025-07-28 18:00:29] INFO 🚀 Fitting unimodal distribution (HS 220300, 2010, M, USD/kg)
[2025-07-28 18:00:29] INFO Fitted Norm Distribution
[2025-07-28 18:00:29] INFO norm_loc: 0.1869
[2025-07-28 18:00:29] INFO norm_scale: 0.6692
[2025-07-28 18:00:29] INFO norm_loglik: -3124.9854
[2025-07-28 18:00:29] INFO norm_mean: 0.1869
[2025-07-28 18:00:29] INFO norm_median: 0.1869
[2025-07-28 18:00:29] INFO norm_mode: 0.1869
[2025-07-28 18:00:29] INFO norm_variance: 0.4478
[2025-07-28 18:00:29] INFO norm_sample_variance: 0.4480
[2025-07-28 18:00:29] INFO norm_skew: 0.0000
[2025-07-28 18:00:29] INFO norm_kurtosis: 0.0000
[2025-07-28 18:00:29] INFO norm_aic: 6253.9708
[2025-07-28 18:00:29] INFO norm_bic: 6266.0310
[2025-07-28 18:00:29] INFO Fitted Skewnorm Distribution
[2025-07-28 18:00:29] INFO skewnorm_a: 1.3061
[2025-07-28 18:00:29] INFO skewnorm_loc: -0.3581
[2025-07-28 18:00:29] INFO skewnorm_scale: 0.8630
[2025-07-28 18:00:29] INFO skewnorm_loglik: -3104.3661
[2025-07-28 18:00:29] INFO skewnorm_mean: 0.1886
[2025-07-28 18:00:29] INFO skewnorm_median: 0.1613
[2025-07-28 18:00:29] INFO skewnorm_mode: 0.1054
[2025-07-28 18:00:29] INFO skewnorm_variance: 0.4459
[2025-07-28 18:00:29] INFO skewnorm_sample_variance: 0.4480
[2025-07-28 18:00:29] INFO skewnorm_skew: 0.2356
[2025-07-28 18:00:29] INFO skewnorm_kurtosis: 0.1273
[2025-07-28 18:00:29] INFO skewnorm_aic: 6214.7322
[2025-07-28 18:00:29] INFO skewnorm_bic: 6232.8224
[2025-07-28 18:00:29] INFO Fitted T Distribution
[2025-07-28 18:00:29] INFO t_df: 6.5561
[2025-07-28 18:00:29] INFO t_loc: 0.1689
[2025-07-28 18:00:29] INFO t_scale: 0.5647
[2025-07-28 18:00:29] INFO t_loglik: -3087.7142
[2025-07-28 18:00:29] INFO t_mean: 0.1689
[2025-07-28 18:00:29] INFO t_median: 0.1689
[2025-07-28 18:00:29] INFO t_mode: 0.1689
[2025-07-28 18:00:29] INFO t_variance: 0.4588
[2025-07-28 18:00:29] INFO t_sample_variance: 0.4480
[2025-07-28 18:00:29] INFO t_skew: 0.0000
[2025-07-28 18:00:29] INFO t_kurtosis: 2.3474
[2025-07-28 18:00:29] INFO t_aic: 6181.4283
[2025-07-28 18:00:29] INFO t_bic: 6199.5186
[2025-07-28 18:00:29] INFO Fitted Gennorm Distribution
[2025-07-28 18:00:29] INFO gennorm_beta: 1.3779
[2025-07-28 18:00:29] INFO gennorm_loc: 0.1755
[2025-07-28 18:00:29] INFO gennorm_scale: 0.7205
[2025-07-28 18:00:29] INFO gennorm_loglik: -3074.6005
[2025-07-28 18:00:29] INFO gennorm_mean: 0.1755
[2025-07-28 18:00:29] INFO gennorm_median: 0.1755
[2025-07-28 18:00:29] INFO gennorm_mode: 0.1755
[2025-07-28 18:00:29] INFO gennorm_variance: 0.4487
[2025-07-28 18:00:29] INFO gennorm_sample_variance: 0.4480
[2025-07-28 18:00:29] INFO gennorm_skew: 0.0000
[2025-07-28 18:00:29] INFO gennorm_kurtosis: 1.0822
[2025-07-28 18:00:29] INFO gennorm_aic: 6155.2010
[2025-07-28 18:00:29] INFO gennorm_bic: 6173.2913
[2025-07-28 18:00:29] INFO Fitted Johnsonsu Distribution
[2025-07-28 18:00:29] INFO johnsonsu_a: -0.3280
[2025-07-28 18:00:29] INFO johnsonsu_b: 1.9167
[2025-07-28 18:00:29] INFO johnsonsu_loc: -0.0307
[2025-07-28 18:00:29] INFO johnsonsu_scale: 1.1038
[2025-07-28 18:00:29] INFO johnsonsu_loglik: -3075.5195
[2025-07-28 18:00:29] INFO johnsonsu_mean: 0.1868
[2025-07-28 18:00:29] INFO johnsonsu_median: 0.1591
[2025-07-28 18:00:29] INFO johnsonsu_mode: 0.1184
[2025-07-28 18:00:29] INFO johnsonsu_variance: 0.4556
[2025-07-28 18:00:29] INFO johnsonsu_sample_variance: 0.4480
[2025-07-28 18:00:29] INFO johnsonsu_skew: 0.3492
[2025-07-28 18:00:29] INFO johnsonsu_kurtosis: 1.8813
[2025-07-28 18:00:29] INFO johnsonsu_aic: 6159.0389
[2025-07-28 18:00:29] INFO johnsonsu_bic: 6183.1592
[2025-07-28 18:00:29] INFO Fitted Logistic Distribution
[2025-07-28 18:00:29] INFO logistic_loc: 0.1704
[2025-07-28 18:00:29] INFO logistic_scale: 0.3677
[2025-07-28 18:00:29] INFO logistic_loglik: -3082.5184
[2025-07-28 18:00:29] INFO logistic_mean: 0.1704
[2025-07-28 18:00:29] INFO logistic_median: 0.1704
[2025-07-28 18:00:29] INFO logistic_mode: 0.1704
[2025-07-28 18:00:29] INFO logistic_variance: 0.4448
[2025-07-28 18:00:29] INFO logistic_sample_variance: 0.4480
[2025-07-28 18:00:29] INFO logistic_skew: 0.0000
[2025-07-28 18:00:29] INFO logistic_kurtosis: 1.2000
[2025-07-28 18:00:29] INFO logistic_aic: 6169.0368
[2025-07-28 18:00:29] INFO logistic_bic: 6181.0970
[2025-07-28 18:00:29] INFO Best fit based on AIC/BIC: Gennorm
[2025-07-28 18:00:29] INFO ✅ Unimodal distribution fit (HS 220300, 2010, M, USD/kg) completed in 0.29 seconds.
[2025-07-28 18:00:29] INFO - Gennorm distribution fits best based on AIC and BIC.
[2025-07-28 18:00:29] INFO ✅ Completed unimodal distribution fit (non-kg-based) completed in 0.29 seconds.
[2025-07-28 18:00:29] INFO Bootstrapping CI (non-kg-based) (2010, M)
[2025-07-28 18:26:47] INFO 🚀 Fitting unimodal distribution (HS 220300, 2010, M, USD/kg)
[2025-07-28 18:26:47] INFO Fitted Norm Distribution
[2025-07-28 18:26:47] INFO norm_loc: 0.2385
[2025-07-28 18:26:47] INFO norm_scale: 0.7779
[2025-07-28 18:26:47] INFO norm_loglik: -5463.0073
[2025-07-28 18:26:47] INFO norm_mean: 0.2385
[2025-07-28 18:26:47] INFO norm_median: 0.2385
[2025-07-28 18:26:47] INFO norm_mode: 0.2385
[2025-07-28 18:26:47] INFO norm_variance: 0.6052
[2025-07-28 18:26:47] INFO norm_sample_variance: 0.6053
[2025-07-28 18:26:47] INFO norm_skew: 0.0000
[2025-07-28 18:26:47] INFO norm_kurtosis: 0.0000
[2025-07-28 18:26:47] INFO norm_aic: 10930.0146
[2025-07-28 18:26:47] INFO norm_bic: 10942.9159
[2025-07-28 18:26:47] INFO Fitted Skewnorm Distribution
[2025-07-28 18:26:47] INFO skewnorm_a: 2.0748
[2025-07-28 18:26:47] INFO skewnorm_loc: -0.5555
[2025-07-28 18:26:47] INFO skewnorm_scale: 1.1116
[2025-07-28 18:26:47] INFO skewnorm_loglik: -5341.4143
[2025-07-28 18:26:47] INFO skewnorm_mean: 0.2434
[2025-07-28 18:26:47] INFO skewnorm_median: 0.1758
[2025-07-28 18:26:47] INFO skewnorm_mode: 0.0305
[2025-07-28 18:26:47] INFO skewnorm_variance: 0.5973
[2025-07-28 18:26:47] INFO skewnorm_sample_variance: 0.6053
[2025-07-28 18:26:47] INFO skewnorm_skew: 0.4742
[2025-07-28 18:26:47] INFO skewnorm_kurtosis: 0.3235
[2025-07-28 18:26:47] INFO skewnorm_aic: 10688.8287
[2025-07-28 18:26:47] INFO skewnorm_bic: 10708.1806
[2025-07-28 18:26:47] INFO Fitted T Distribution
[2025-07-28 18:26:47] INFO t_df: 7.2238
[2025-07-28 18:26:47] INFO t_loc: 0.1942
[2025-07-28 18:26:47] INFO t_scale: 0.6677
[2025-07-28 18:26:47] INFO t_loglik: -5416.1700
[2025-07-28 18:26:47] INFO t_mean: 0.1942
[2025-07-28 18:26:47] INFO t_median: 0.1942
[2025-07-28 18:26:47] INFO t_mode: 0.1942
[2025-07-28 18:26:47] INFO t_variance: 0.6165
[2025-07-28 18:26:47] INFO t_sample_variance: 0.6053
[2025-07-28 18:26:47] INFO t_skew: 0.0000
[2025-07-28 18:26:47] INFO t_kurtosis: 1.8612
[2025-07-28 18:26:47] INFO t_aic: 10838.3400
[2025-07-28 18:26:47] INFO t_bic: 10857.6919
[2025-07-28 18:26:47] INFO Fitted Gennorm Distribution
[2025-07-28 18:26:47] INFO gennorm_beta: 1.4526
[2025-07-28 18:26:47] INFO gennorm_loc: 0.1936
[2025-07-28 18:26:47] INFO gennorm_scale: 0.8808
[2025-07-28 18:26:47] INFO gennorm_loglik: -5410.0713
[2025-07-28 18:26:47] INFO gennorm_mean: 0.1936
[2025-07-28 18:26:47] INFO gennorm_median: 0.1936
[2025-07-28 18:26:47] INFO gennorm_mode: 0.1936
[2025-07-28 18:26:47] INFO gennorm_variance: 0.6065
[2025-07-28 18:26:47] INFO gennorm_sample_variance: 0.6053
[2025-07-28 18:26:47] INFO gennorm_skew: 0.0000
[2025-07-28 18:26:47] INFO gennorm_kurtosis: 0.8766
[2025-07-28 18:26:47] INFO gennorm_aic: 10826.1425
[2025-07-28 18:26:47] INFO gennorm_bic: 10845.4944
[2025-07-28 18:26:47] INFO Fitted Johnsonsu Distribution
[2025-07-28 18:26:47] INFO johnsonsu_a: -1.0761
[2025-07-28 18:26:47] INFO johnsonsu_b: 2.1598
[2025-07-28 18:26:47] INFO johnsonsu_loc: -0.5315
[2025-07-28 18:26:47] INFO johnsonsu_scale: 1.3339
[2025-07-28 18:26:47] INFO johnsonsu_loglik: -5320.5633
[2025-07-28 18:26:47] INFO johnsonsu_mean: 0.2393
[2025-07-28 18:26:47] INFO johnsonsu_median: 0.1609
[2025-07-28 18:26:47] INFO johnsonsu_mode: 0.0369
[2025-07-28 18:26:47] INFO johnsonsu_variance: 0.6183
[2025-07-28 18:26:47] INFO johnsonsu_sample_variance: 0.6053
[2025-07-28 18:26:47] INFO johnsonsu_skew: 0.7807
[2025-07-28 18:26:47] INFO johnsonsu_kurtosis: 2.0659
[2025-07-28 18:26:47] INFO johnsonsu_aic: 10649.1265
[2025-07-28 18:26:47] INFO johnsonsu_bic: 10674.9290
[2025-07-28 18:26:47] INFO Fitted Logistic Distribution
[2025-07-28 18:26:47] INFO logistic_loc: 0.1935
[2025-07-28 18:26:47] INFO logistic_scale: 0.4294
[2025-07-28 18:26:47] INFO logistic_loglik: -5410.2241
[2025-07-28 18:26:47] INFO logistic_mean: 0.1935
[2025-07-28 18:26:47] INFO logistic_median: 0.1935
[2025-07-28 18:26:47] INFO logistic_mode: 0.1935
[2025-07-28 18:26:47] INFO logistic_variance: 0.6067
[2025-07-28 18:26:47] INFO logistic_sample_variance: 0.6053
[2025-07-28 18:26:47] INFO logistic_skew: 0.0000
[2025-07-28 18:26:47] INFO logistic_kurtosis: 1.2000
[2025-07-28 18:26:47] INFO logistic_aic: 10824.4482
[2025-07-28 18:26:47] INFO logistic_bic: 10837.3495
[2025-07-28 18:26:47] INFO Best fit based on AIC/BIC: Johnsonsu
[2025-07-28 18:26:47] INFO ✅ Unimodal distribution fit (HS 220300, 2010, M, USD/kg) completed in 0.23 seconds.
[2025-07-28 18:26:47] INFO 🚀 Bootstrapping CI (HS 220300, 2010, M, USD/kg)
[2025-07-28 18:27:29] INFO 95% CI for Mean: 0.216 – 0.260 (log), 1.241 – 1.297 USD/kg
[2025-07-28 18:27:29] INFO 95% CI for Median: 0.138 – 0.182 (log), 1.147 – 1.200 USD/kg
[2025-07-28 18:27:29] INFO 95% CI for Mode: 0.007 – 0.066 (log), 1.007 – 1.068 USD/kg
[2025-07-28 18:27:29] INFO 95% CI for Variance: 0.588 – 0.649
[2025-07-28 18:27:29] INFO ✅ CI bootstrapping (HS 220300, 2010, M, USD/kg) completed in 42.11 seconds.
[2025-07-28 18:27:29] INFO 🚀 Unimodal fit plotting (HS 220300, 2010, M, USD/kg)
[2025-07-28 18:27:29] INFO ✅ Unimodal fit plotting (HS 220300, 2010, M, USD/kg) completed in 0.36 seconds.
[2025-07-28 18:34:53] INFO 🚀 Fitting unimodal distribution (HS 220300, 2010, M, USD/l)
[2025-07-28 18:34:53] INFO Fitted Norm Distribution
[2025-07-28 18:34:53] INFO norm_loc: 0.1869
[2025-07-28 18:34:53] INFO norm_scale: 0.6692
[2025-07-28 18:34:53] INFO norm_loglik: -3124.9854
[2025-07-28 18:34:53] INFO norm_mean: 0.1869
[2025-07-28 18:34:53] INFO norm_median: 0.1869
[2025-07-28 18:34:53] INFO norm_mode: 0.1869
[2025-07-28 18:34:53] INFO norm_variance: 0.4478
[2025-07-28 18:34:53] INFO norm_sample_variance: 0.4480
[2025-07-28 18:34:53] INFO norm_skew: 0.0000
[2025-07-28 18:34:53] INFO norm_kurtosis: 0.0000
[2025-07-28 18:34:53] INFO norm_aic: 6253.9708
[2025-07-28 18:34:53] INFO norm_bic: 6266.0310
[2025-07-28 18:34:53] INFO Fitted Skewnorm Distribution
[2025-07-28 18:34:53] INFO skewnorm_a: 1.3061
[2025-07-28 18:34:53] INFO skewnorm_loc: -0.3581
[2025-07-28 18:34:53] INFO skewnorm_scale: 0.8630
[2025-07-28 18:34:53] INFO skewnorm_loglik: -3104.3661
[2025-07-28 18:34:53] INFO skewnorm_mean: 0.1886
[2025-07-28 18:34:53] INFO skewnorm_median: 0.1613
[2025-07-28 18:34:53] INFO skewnorm_mode: 0.1054
[2025-07-28 18:34:53] INFO skewnorm_variance: 0.4459
[2025-07-28 18:34:53] INFO skewnorm_sample_variance: 0.4480
[2025-07-28 18:34:53] INFO skewnorm_skew: 0.2356
[2025-07-28 18:34:53] INFO skewnorm_kurtosis: 0.1273
[2025-07-28 18:34:53] INFO skewnorm_aic: 6214.7322
[2025-07-28 18:34:53] INFO skewnorm_bic: 6232.8224
[2025-07-28 18:34:53] INFO Fitted T Distribution
[2025-07-28 18:34:53] INFO t_df: 6.5561
[2025-07-28 18:34:53] INFO t_loc: 0.1689
[2025-07-28 18:34:53] INFO t_scale: 0.5647
[2025-07-28 18:34:53] INFO t_loglik: -3087.7142
[2025-07-28 18:34:53] INFO t_mean: 0.1689
[2025-07-28 18:34:53] INFO t_median: 0.1689
[2025-07-28 18:34:53] INFO t_mode: 0.1689
[2025-07-28 18:34:53] INFO t_variance: 0.4588
[2025-07-28 18:34:53] INFO t_sample_variance: 0.4480
[2025-07-28 18:34:53] INFO t_skew: 0.0000
[2025-07-28 18:34:53] INFO t_kurtosis: 2.3474
[2025-07-28 18:34:53] INFO t_aic: 6181.4283
[2025-07-28 18:34:53] INFO t_bic: 6199.5186
[2025-07-28 18:34:53] INFO Fitted Gennorm Distribution
[2025-07-28 18:34:53] INFO gennorm_beta: 1.3779
[2025-07-28 18:34:53] INFO gennorm_loc: 0.1755
[2025-07-28 18:34:53] INFO gennorm_scale: 0.7205
[2025-07-28 18:34:53] INFO gennorm_loglik: -3074.6005
[2025-07-28 18:34:53] INFO gennorm_mean: 0.1755
[2025-07-28 18:34:53] INFO gennorm_median: 0.1755
[2025-07-28 18:34:53] INFO gennorm_mode: 0.1755
[2025-07-28 18:34:53] INFO gennorm_variance: 0.4487
[2025-07-28 18:34:53] INFO gennorm_sample_variance: 0.4480
[2025-07-28 18:34:53] INFO gennorm_skew: 0.0000
[2025-07-28 18:34:53] INFO gennorm_kurtosis: 1.0822
[2025-07-28 18:34:53] INFO gennorm_aic: 6155.2010
[2025-07-28 18:34:53] INFO gennorm_bic: 6173.2913
[2025-07-28 18:34:53] INFO Fitted Johnsonsu Distribution
[2025-07-28 18:34:53] INFO johnsonsu_a: -0.3280
[2025-07-28 18:34:53] INFO johnsonsu_b: 1.9167
[2025-07-28 18:34:53] INFO johnsonsu_loc: -0.0307
[2025-07-28 18:34:53] INFO johnsonsu_scale: 1.1038
[2025-07-28 18:34:53] INFO johnsonsu_loglik: -3075.5195
[2025-07-28 18:34:53] INFO johnsonsu_mean: 0.1868
[2025-07-28 18:34:53] INFO johnsonsu_median: 0.1591
[2025-07-28 18:34:53] INFO johnsonsu_mode: 0.1184
[2025-07-28 18:34:53] INFO johnsonsu_variance: 0.4556
[2025-07-28 18:34:53] INFO johnsonsu_sample_variance: 0.4480
[2025-07-28 18:34:53] INFO johnsonsu_skew: 0.3492
[2025-07-28 18:34:53] INFO johnsonsu_kurtosis: 1.8813
[2025-07-28 18:34:53] INFO johnsonsu_aic: 6159.0389
[2025-07-28 18:34:53] INFO johnsonsu_bic: 6183.1592
[2025-07-28 18:34:53] INFO Fitted Logistic Distribution
[2025-07-28 18:34:53] INFO logistic_loc: 0.1704
[2025-07-28 18:34:53] INFO logistic_scale: 0.3677
[2025-07-28 18:34:53] INFO logistic_loglik: -3082.5184
[2025-07-28 18:34:53] INFO logistic_mean: 0.1704
[2025-07-28 18:34:53] INFO logistic_median: 0.1704
[2025-07-28 18:34:53] INFO logistic_mode: 0.1704
[2025-07-28 18:34:53] INFO logistic_variance: 0.4448
[2025-07-28 18:34:53] INFO logistic_sample_variance: 0.4480
[2025-07-28 18:34:53] INFO logistic_skew: 0.0000
[2025-07-28 18:34:53] INFO logistic_kurtosis: 1.2000
[2025-07-28 18:34:53] INFO logistic_aic: 6169.0368
[2025-07-28 18:34:53] INFO logistic_bic: 6181.0970
[2025-07-28 18:34:53] INFO Best fit based on AIC/BIC: Gennorm
[2025-07-28 18:34:53] INFO ✅ Unimodal distribution fit (HS 220300, 2010, M, USD/l) completed in 0.18 seconds.
[2025-07-28 18:34:53] INFO 🚀 Bootstrapping CI (HS 220300, 2010, M, USD/l)
[2025-07-28 18:35:02] INFO 95% CI for Mean: 0.154 – 0.198 (log), 1.166 – 1.219 USD/kg
[2025-07-28 18:35:02] INFO 95% CI for Median: 0.154 – 0.198 (log), 1.166 – 1.219 USD/kg
[2025-07-28 18:35:02] INFO 95% CI for Mode: 0.154 – 0.198 (log), 1.166 – 1.219 USD/kg
[2025-07-28 18:35:02] INFO 95% CI for Variance: 0.422 – 0.474
[2025-07-28 18:35:02] INFO ✅ CI bootstrapping (HS 220300, 2010, M, USD/l) completed in 9.37 seconds.
[2025-07-28 18:35:02] INFO 🚀 Unimodal fit plotting (HS 220300, 2010, M, USD/l)
[2025-07-28 18:35:03] INFO ✅ Unimodal fit plotting (HS 220300, 2010, M, USD/l) completed in 0.32 seconds.
[2025-07-28 18:35:26] INFO ✅ Saved final report to C:/Users/laptop-kl/OneDrive - Universiteit Leiden/PlasticTradeFlow/tradeflow/cml_trade/cml_unit_value_alice\reports\report_220300_2010_m.parquet
[2025-07-28 18:35:57] INFO 🚀 Clean trade data (HS 220300, 2010, M)
[2025-07-28 18:35:57] INFO 📁 Found file: C:/Users/laptop-kl/OneDrive - Universiteit Leiden/PlasticTradeFlow/tradeflow/cml_trade/cml_unit_value/data_uncomtrade\split_by_hs_2010_numpy\H4_220300_2010.csv
[2025-07-28 18:35:57] INFO 📈 Cleaning Summary:
[2025-07-28 18:35:57] INFO  - Initial rows: 37720
[2025-07-28 18:35:57] INFO  - Valid country filter: 33223 (88.08%)
[2025-07-28 18:35:57] INFO  - Valid trade value filter: 6340 (16.81%)
[2025-07-28 18:35:57] INFO  - Valid kg-based UV rows: 4898 (12.99%)
[2025-07-28 18:35:57] INFO 🧪 Non-kg UV Subset:
[2025-07-28 18:35:57] INFO  - Top unit: Volume in liters (l)
[2025-07-28 18:35:57] INFO  - Share of valid top non-kg UV rows: 54.00% (Required: 10%)
[2025-07-28 18:35:57] INFO  - Valid top non-kg UV count: 3213
[2025-07-28 18:35:57] INFO ✅ Non-kg UV subset created.
[2025-07-28 18:35:57] INFO ✅ Trade data cleaning completed in 0.19 seconds.
[2025-07-28 18:35:57] INFO 🚀 Outlier detection (HS 220300, 2010, M, USD/kg)
[2025-07-28 18:35:57] INFO log(UV)=0 present but no spike: 401 vs. neighbors avg 281.5 (share = 1.33%) — kept
[2025-07-28 18:35:57] INFO 📁 Saved histogram to C:/Users/laptop-kl/OneDrive - Universiteit Leiden/PlasticTradeFlow/tradeflow/cml_trade/cml_unit_value_alice\figures\hist_od_220300_2010_m_kg.pdf
[2025-07-28 18:35:57] INFO 📈 Outlier detection summary (HS 220300, 2010, M, USD/kg):
[2025-07-28 18:35:57] INFO - Total rows: 4898
[2025-07-28 18:35:57] INFO - Z-score outliers: 220
[2025-07-28 18:35:57] INFO - log(UV) = 0 rows: 65 (share = 1.33%), removed: 0
[2025-07-28 18:35:57] INFO - Total dropped: 220 rows (4.49%)
[2025-07-28 18:35:57] INFO - Remaining rows: 4678
[2025-07-28 18:35:57] INFO ✅ Outlier detection (HS 220300, 2010, M, USD/kg) completed in 0.41 seconds.
[2025-07-28 18:35:57] INFO 🚀 Outlier detection (HS 220300, 2010, M, USD/l)
[2025-07-28 18:35:57] INFO log(UV)=0 present but no spike: 223 vs. neighbors avg 210.0 (share = 0.00%) — kept
[2025-07-28 18:35:58] INFO 📁 Saved histogram to C:/Users/laptop-kl/OneDrive - Universiteit Leiden/PlasticTradeFlow/tradeflow/cml_trade/cml_unit_value_alice\figures\hist_od_220300_2010_m_l.pdf
[2025-07-28 18:35:58] INFO 📈 Outlier detection summary (HS 220300, 2010, M, USD/l):
[2025-07-28 18:35:58] INFO - Total rows: 3213
[2025-07-28 18:35:58] INFO - Z-score outliers: 141
[2025-07-28 18:35:58] INFO - log(UV) = 0 rows: 0 (share = 0.00%), removed: 0
[2025-07-28 18:35:58] INFO - Total dropped: 141 rows (4.39%)
[2025-07-28 18:35:58] INFO - Remaining rows: 3072
[2025-07-28 18:35:58] INFO ✅ Outlier detection (HS 220300, 2010, M, USD/l) completed in 0.31 seconds.
[2025-07-28 18:35:58] INFO 🚀 Histogram plotting after outlier detection (HS 220300, 2010, M, USD/kg)
[2025-07-28 18:35:58] INFO 📁 Saved histogram to C:/Users/laptop-kl/OneDrive - Universiteit Leiden/PlasticTradeFlow/tradeflow/cml_trade/cml_unit_value_alice\figures\hist_220300_2010_m_kg.pdf
[2025-07-28 18:35:58] INFO ✅ Histogram plotting after outlier detection (HS 220300, 2010, M, USD/kg) completed in 0.21 seconds.
[2025-07-28 18:35:58] INFO 🚀 Histogram plotting after outlier detection (HS 220300, 2010, M, USD/l)
[2025-07-28 18:35:58] INFO 📁 Saved histogram to C:/Users/laptop-kl/OneDrive - Universiteit Leiden/PlasticTradeFlow/tradeflow/cml_trade/cml_unit_value_alice\figures\hist_220300_2010_m_l.pdf
[2025-07-28 18:35:58] INFO ✅ Histogram plotting after outlier detection (HS 220300, 2010, M, USD/l) completed in 0.20 seconds.
[2025-07-28 18:35:58] INFO 🚀 Modality test (HS 220300, 2010, M, USD/kg)
[2025-07-28 18:36:05] INFO 📈 Modality test summary:
[2025-07-28 18:36:05] INFO - Column tested: ln_uv
[2025-07-28 18:36:05] INFO - Original sample size: 4678
[2025-07-28 18:36:05] INFO ✅ Full sample used.
[2025-07-28 18:36:05] INFO - Final decision: unimodal (0 reject out of 2)
[2025-07-28 18:36:05] INFO ✅ Modality test (HS 220300, 2010, M, USD/kg) completed in 6.88 seconds.
[2025-07-28 18:36:05] INFO 🚀 Modality test (HS 220300, 2010, M, USD/l)
[2025-07-28 18:36:12] INFO 📈 Modality test summary:
[2025-07-28 18:36:12] INFO - Column tested: ln_uv_q
[2025-07-28 18:36:12] INFO - Original sample size: 3072
[2025-07-28 18:36:12] INFO ✅ Full sample used.
[2025-07-28 18:36:12] INFO - Final decision: unimodal (0 reject out of 2)
[2025-07-28 18:36:12] INFO ✅ Modality test (HS 220300, 2010, M, USD/l) completed in 6.86 seconds.
[2025-07-28 18:37:00] INFO 🚀 Clean trade data (HS 220300, 2010, M)
[2025-07-28 18:37:00] INFO 📁 Found file: C:/Users/laptop-kl/OneDrive - Universiteit Leiden/PlasticTradeFlow/tradeflow/cml_trade/cml_unit_value/data_uncomtrade\split_by_hs_2010_numpy\H4_220300_2010.csv
[2025-07-28 18:37:00] INFO 📈 Cleaning Summary:
[2025-07-28 18:37:00] INFO  - Initial rows: 37720
[2025-07-28 18:37:00] INFO  - Valid country filter: 33223 (88.08%)
[2025-07-28 18:37:00] INFO  - Valid trade value filter: 6340 (16.81%)
[2025-07-28 18:37:00] INFO  - Valid kg-based UV rows: 4898 (12.99%)
[2025-07-28 18:37:00] INFO 🧪 Non-kg UV Subset:
[2025-07-28 18:37:00] INFO  - Top unit: Volume in liters (l)
[2025-07-28 18:37:00] INFO  - Share of valid top non-kg UV rows: 54.00% (Required: 10%)
[2025-07-28 18:37:00] INFO  - Valid top non-kg UV count: 3213
[2025-07-28 18:37:00] INFO ✅ Non-kg UV subset created.
[2025-07-28 18:37:00] INFO ✅ Trade data cleaning completed in 0.16 seconds.
[2025-07-28 18:37:00] INFO 🚀 Outlier detection (HS 220300, 2010, M, USD/kg)
[2025-07-28 18:37:00] INFO log(UV)=0 present but no spike: 401 vs. neighbors avg 281.5 (share = 1.33%) — kept
[2025-07-28 18:37:00] INFO 📁 Saved histogram to C:/Users/laptop-kl/OneDrive - Universiteit Leiden/PlasticTradeFlow/tradeflow/cml_trade/cml_unit_value_alice\figures\hist_od_220300_2010_m_kg.pdf
[2025-07-28 18:37:00] INFO 📈 Outlier detection summary (HS 220300, 2010, M, USD/kg):
[2025-07-28 18:37:00] INFO - Total rows: 4898
[2025-07-28 18:37:00] INFO - Z-score outliers: 220
[2025-07-28 18:37:00] INFO - log(UV) = 0 rows: 65 (share = 1.33%), removed: 0
[2025-07-28 18:37:00] INFO - Total dropped: 220 rows (4.49%)
[2025-07-28 18:37:00] INFO - Remaining rows: 4678
[2025-07-28 18:37:00] INFO ✅ Outlier detection (HS 220300, 2010, M, USD/kg) completed in 0.44 seconds.
[2025-07-28 18:37:00] INFO 🚀 Outlier detection (HS 220300, 2010, M, USD/l)
[2025-07-28 18:37:00] INFO log(UV)=0 present but no spike: 223 vs. neighbors avg 210.0 (share = 0.00%) — kept
[2025-07-28 18:37:00] INFO 📁 Saved histogram to C:/Users/laptop-kl/OneDrive - Universiteit Leiden/PlasticTradeFlow/tradeflow/cml_trade/cml_unit_value_alice\figures\hist_od_220300_2010_m_l.pdf
[2025-07-28 18:37:00] INFO 📈 Outlier detection summary (HS 220300, 2010, M, USD/l):
[2025-07-28 18:37:00] INFO - Total rows: 3213
[2025-07-28 18:37:00] INFO - Z-score outliers: 141
[2025-07-28 18:37:00] INFO - log(UV) = 0 rows: 0 (share = 0.00%), removed: 0
[2025-07-28 18:37:00] INFO - Total dropped: 141 rows (4.39%)
[2025-07-28 18:37:00] INFO - Remaining rows: 3072
[2025-07-28 18:37:00] INFO ✅ Outlier detection (HS 220300, 2010, M, USD/l) completed in 0.30 seconds.
[2025-07-28 18:37:00] INFO 🚀 Histogram plotting after outlier detection (HS 220300, 2010, M, USD/kg)
[2025-07-28 18:37:01] INFO 📁 Saved histogram to C:/Users/laptop-kl/OneDrive - Universiteit Leiden/PlasticTradeFlow/tradeflow/cml_trade/cml_unit_value_alice\figures\hist_220300_2010_m_kg.pdf
[2025-07-28 18:37:01] INFO ✅ Histogram plotting after outlier detection (HS 220300, 2010, M, USD/kg) completed in 0.21 seconds.
[2025-07-28 18:37:01] INFO 🚀 Histogram plotting after outlier detection (HS 220300, 2010, M, USD/l)
[2025-07-28 18:37:01] INFO 📁 Saved histogram to C:/Users/laptop-kl/OneDrive - Universiteit Leiden/PlasticTradeFlow/tradeflow/cml_trade/cml_unit_value_alice\figures\hist_220300_2010_m_l.pdf
[2025-07-28 18:37:01] INFO ✅ Histogram plotting after outlier detection (HS 220300, 2010, M, USD/l) completed in 0.28 seconds.
[2025-07-28 18:37:01] INFO 🚀 Modality test (HS 220300, 2010, M, USD/kg)
[2025-07-28 18:37:08] INFO 📈 Modality test summary:
[2025-07-28 18:37:08] INFO - Column tested: ln_uv
[2025-07-28 18:37:08] INFO - Original sample size: 4678
[2025-07-28 18:37:08] INFO ✅ Full sample used.
[2025-07-28 18:37:08] INFO - Final decision: unimodal (0 reject out of 2)
[2025-07-28 18:37:08] INFO ✅ Modality test (HS 220300, 2010, M, USD/kg) completed in 7.28 seconds.
[2025-07-28 18:37:08] INFO 🚀 Modality test (HS 220300, 2010, M, USD/l)
[2025-07-28 18:37:15] INFO 📈 Modality test summary:
[2025-07-28 18:37:15] INFO - Column tested: ln_uv_q
[2025-07-28 18:37:15] INFO - Original sample size: 3072
[2025-07-28 18:37:15] INFO ✅ Full sample used.
[2025-07-28 18:37:15] INFO - Final decision: unimodal (0 reject out of 2)
[2025-07-28 18:37:15] INFO ✅ Modality test (HS 220300, 2010, M, USD/l) completed in 6.91 seconds.
[2025-07-28 18:37:15] INFO 🚀 Fitting unimodal distribution (HS 220300, 2010, M, USD/kg)
[2025-07-28 18:37:15] INFO Fitted Norm Distribution
[2025-07-28 18:37:15] INFO norm_loc: 0.2385
[2025-07-28 18:37:15] INFO norm_scale: 0.7779
[2025-07-28 18:37:15] INFO norm_loglik: -5463.0073
[2025-07-28 18:37:15] INFO norm_mean: 0.2385
[2025-07-28 18:37:15] INFO norm_median: 0.2385
[2025-07-28 18:37:15] INFO norm_mode: 0.2385
[2025-07-28 18:37:15] INFO norm_variance: 0.6052
[2025-07-28 18:37:15] INFO norm_sample_variance: 0.6053
[2025-07-28 18:37:15] INFO norm_skew: 0.0000
[2025-07-28 18:37:15] INFO norm_kurtosis: 0.0000
[2025-07-28 18:37:15] INFO norm_aic: 10930.0146
[2025-07-28 18:37:15] INFO norm_bic: 10942.9159
[2025-07-28 18:37:15] INFO Fitted Skewnorm Distribution
[2025-07-28 18:37:15] INFO skewnorm_a: 2.0748
[2025-07-28 18:37:15] INFO skewnorm_loc: -0.5555
[2025-07-28 18:37:15] INFO skewnorm_scale: 1.1116
[2025-07-28 18:37:15] INFO skewnorm_loglik: -5341.4143
[2025-07-28 18:37:15] INFO skewnorm_mean: 0.2434
[2025-07-28 18:37:15] INFO skewnorm_median: 0.1758
[2025-07-28 18:37:15] INFO skewnorm_mode: 0.0305
[2025-07-28 18:37:15] INFO skewnorm_variance: 0.5973
[2025-07-28 18:37:15] INFO skewnorm_sample_variance: 0.6053
[2025-07-28 18:37:15] INFO skewnorm_skew: 0.4742
[2025-07-28 18:37:15] INFO skewnorm_kurtosis: 0.3235
[2025-07-28 18:37:15] INFO skewnorm_aic: 10688.8287
[2025-07-28 18:37:15] INFO skewnorm_bic: 10708.1806
[2025-07-28 18:37:15] INFO Fitted T Distribution
[2025-07-28 18:37:15] INFO t_df: 7.2238
[2025-07-28 18:37:15] INFO t_loc: 0.1942
[2025-07-28 18:37:15] INFO t_scale: 0.6677
[2025-07-28 18:37:15] INFO t_loglik: -5416.1700
[2025-07-28 18:37:15] INFO t_mean: 0.1942
[2025-07-28 18:37:15] INFO t_median: 0.1942
[2025-07-28 18:37:15] INFO t_mode: 0.1942
[2025-07-28 18:37:15] INFO t_variance: 0.6165
[2025-07-28 18:37:15] INFO t_sample_variance: 0.6053
[2025-07-28 18:37:15] INFO t_skew: 0.0000
[2025-07-28 18:37:15] INFO t_kurtosis: 1.8612
[2025-07-28 18:37:15] INFO t_aic: 10838.3400
[2025-07-28 18:37:15] INFO t_bic: 10857.6919
[2025-07-28 18:37:15] INFO Fitted Gennorm Distribution
[2025-07-28 18:37:15] INFO gennorm_beta: 1.4526
[2025-07-28 18:37:15] INFO gennorm_loc: 0.1936
[2025-07-28 18:37:15] INFO gennorm_scale: 0.8808
[2025-07-28 18:37:15] INFO gennorm_loglik: -5410.0713
[2025-07-28 18:37:15] INFO gennorm_mean: 0.1936
[2025-07-28 18:37:15] INFO gennorm_median: 0.1936
[2025-07-28 18:37:15] INFO gennorm_mode: 0.1936
[2025-07-28 18:37:15] INFO gennorm_variance: 0.6065
[2025-07-28 18:37:15] INFO gennorm_sample_variance: 0.6053
[2025-07-28 18:37:15] INFO gennorm_skew: 0.0000
[2025-07-28 18:37:15] INFO gennorm_kurtosis: 0.8766
[2025-07-28 18:37:15] INFO gennorm_aic: 10826.1425
[2025-07-28 18:37:15] INFO gennorm_bic: 10845.4944
[2025-07-28 18:37:15] INFO Fitted Johnsonsu Distribution
[2025-07-28 18:37:15] INFO johnsonsu_a: -1.0761
[2025-07-28 18:37:15] INFO johnsonsu_b: 2.1598
[2025-07-28 18:37:15] INFO johnsonsu_loc: -0.5315
[2025-07-28 18:37:15] INFO johnsonsu_scale: 1.3339
[2025-07-28 18:37:15] INFO johnsonsu_loglik: -5320.5633
[2025-07-28 18:37:15] INFO johnsonsu_mean: 0.2393
[2025-07-28 18:37:15] INFO johnsonsu_median: 0.1609
[2025-07-28 18:37:15] INFO johnsonsu_mode: 0.0369
[2025-07-28 18:37:15] INFO johnsonsu_variance: 0.6183
[2025-07-28 18:37:15] INFO johnsonsu_sample_variance: 0.6053
[2025-07-28 18:37:15] INFO johnsonsu_skew: 0.7807
[2025-07-28 18:37:15] INFO johnsonsu_kurtosis: 2.0659
[2025-07-28 18:37:15] INFO johnsonsu_aic: 10649.1265
[2025-07-28 18:37:15] INFO johnsonsu_bic: 10674.9290
[2025-07-28 18:37:15] INFO Fitted Logistic Distribution
[2025-07-28 18:37:15] INFO logistic_loc: 0.1935
[2025-07-28 18:37:15] INFO logistic_scale: 0.4294
[2025-07-28 18:37:15] INFO logistic_loglik: -5410.2241
[2025-07-28 18:37:15] INFO logistic_mean: 0.1935
[2025-07-28 18:37:15] INFO logistic_median: 0.1935
[2025-07-28 18:37:15] INFO logistic_mode: 0.1935
[2025-07-28 18:37:15] INFO logistic_variance: 0.6067
[2025-07-28 18:37:15] INFO logistic_sample_variance: 0.6053
[2025-07-28 18:37:15] INFO logistic_skew: 0.0000
[2025-07-28 18:37:15] INFO logistic_kurtosis: 1.2000
[2025-07-28 18:37:15] INFO logistic_aic: 10824.4482
[2025-07-28 18:37:15] INFO logistic_bic: 10837.3495
[2025-07-28 18:37:15] INFO Best fit based on AIC/BIC: Johnsonsu
[2025-07-28 18:37:15] INFO ✅ Unimodal distribution fit (HS 220300, 2010, M, USD/kg) completed in 0.23 seconds.
[2025-07-28 18:37:15] INFO 🚀 Bootstrapping CI (HS 220300, 2010, M, USD/kg)
[2025-07-28 18:37:56] INFO 95% CI for Mean: 0.217 – 0.261 (log), 1.243 – 1.298 USD/kg
[2025-07-28 18:37:56] INFO 95% CI for Median: 0.140 – 0.183 (log), 1.150 – 1.201 USD/kg
[2025-07-28 18:37:56] INFO 95% CI for Mode: 0.009 – 0.067 (log), 1.009 – 1.069 USD/kg
[2025-07-28 18:37:56] INFO 95% CI for Variance: 0.586 – 0.652
[2025-07-28 18:37:56] INFO ✅ CI bootstrapping (HS 220300, 2010, M, USD/kg) completed in 40.57 seconds.
[2025-07-28 18:37:56] INFO 🚀 Unimodal fit plotting (HS 220300, 2010, M, USD/kg)
[2025-07-28 18:37:56] INFO ✅ Unimodal fit plotting (HS 220300, 2010, M, USD/kg) completed in 0.36 seconds.
[2025-07-28 18:37:56] INFO 🚀 Fitting unimodal distribution (HS 220300, 2010, M, USD/l)
[2025-07-28 18:37:56] INFO Fitted Norm Distribution
[2025-07-28 18:37:56] INFO norm_loc: 0.1869
[2025-07-28 18:37:56] INFO norm_scale: 0.6692
[2025-07-28 18:37:56] INFO norm_loglik: -3124.9854
[2025-07-28 18:37:56] INFO norm_mean: 0.1869
[2025-07-28 18:37:56] INFO norm_median: 0.1869
[2025-07-28 18:37:56] INFO norm_mode: 0.1869
[2025-07-28 18:37:56] INFO norm_variance: 0.4478
[2025-07-28 18:37:56] INFO norm_sample_variance: 0.4480
[2025-07-28 18:37:56] INFO norm_skew: 0.0000
[2025-07-28 18:37:56] INFO norm_kurtosis: 0.0000
[2025-07-28 18:37:56] INFO norm_aic: 6253.9708
[2025-07-28 18:37:56] INFO norm_bic: 6266.0310
[2025-07-28 18:37:56] INFO Fitted Skewnorm Distribution
[2025-07-28 18:37:56] INFO skewnorm_a: 1.3061
[2025-07-28 18:37:56] INFO skewnorm_loc: -0.3581
[2025-07-28 18:37:56] INFO skewnorm_scale: 0.8630
[2025-07-28 18:37:56] INFO skewnorm_loglik: -3104.3661
[2025-07-28 18:37:56] INFO skewnorm_mean: 0.1886
[2025-07-28 18:37:56] INFO skewnorm_median: 0.1613
[2025-07-28 18:37:56] INFO skewnorm_mode: 0.1054
[2025-07-28 18:37:56] INFO skewnorm_variance: 0.4459
[2025-07-28 18:37:56] INFO skewnorm_sample_variance: 0.4480
[2025-07-28 18:37:56] INFO skewnorm_skew: 0.2356
[2025-07-28 18:37:56] INFO skewnorm_kurtosis: 0.1273
[2025-07-28 18:37:56] INFO skewnorm_aic: 6214.7322
[2025-07-28 18:37:56] INFO skewnorm_bic: 6232.8224
[2025-07-28 18:37:56] INFO Fitted T Distribution
[2025-07-28 18:37:56] INFO t_df: 6.5561
[2025-07-28 18:37:56] INFO t_loc: 0.1689
[2025-07-28 18:37:56] INFO t_scale: 0.5647
[2025-07-28 18:37:56] INFO t_loglik: -3087.7142
[2025-07-28 18:37:56] INFO t_mean: 0.1689
[2025-07-28 18:37:56] INFO t_median: 0.1689
[2025-07-28 18:37:56] INFO t_mode: 0.1689
[2025-07-28 18:37:56] INFO t_variance: 0.4588
[2025-07-28 18:37:56] INFO t_sample_variance: 0.4480
[2025-07-28 18:37:56] INFO t_skew: 0.0000
[2025-07-28 18:37:56] INFO t_kurtosis: 2.3474
[2025-07-28 18:37:56] INFO t_aic: 6181.4283
[2025-07-28 18:37:56] INFO t_bic: 6199.5186
[2025-07-28 18:37:56] INFO Fitted Gennorm Distribution
[2025-07-28 18:37:56] INFO gennorm_beta: 1.3779
[2025-07-28 18:37:56] INFO gennorm_loc: 0.1755
[2025-07-28 18:37:56] INFO gennorm_scale: 0.7205
[2025-07-28 18:37:56] INFO gennorm_loglik: -3074.6005
[2025-07-28 18:37:56] INFO gennorm_mean: 0.1755
[2025-07-28 18:37:56] INFO gennorm_median: 0.1755
[2025-07-28 18:37:56] INFO gennorm_mode: 0.1755
[2025-07-28 18:37:56] INFO gennorm_variance: 0.4487
[2025-07-28 18:37:56] INFO gennorm_sample_variance: 0.4480
[2025-07-28 18:37:56] INFO gennorm_skew: 0.0000
[2025-07-28 18:37:56] INFO gennorm_kurtosis: 1.0822
[2025-07-28 18:37:56] INFO gennorm_aic: 6155.2010
[2025-07-28 18:37:56] INFO gennorm_bic: 6173.2913
[2025-07-28 18:37:56] INFO Fitted Johnsonsu Distribution
[2025-07-28 18:37:56] INFO johnsonsu_a: -0.3280
[2025-07-28 18:37:56] INFO johnsonsu_b: 1.9167
[2025-07-28 18:37:56] INFO johnsonsu_loc: -0.0307
[2025-07-28 18:37:56] INFO johnsonsu_scale: 1.1038
[2025-07-28 18:37:56] INFO johnsonsu_loglik: -3075.5195
[2025-07-28 18:37:56] INFO johnsonsu_mean: 0.1868
[2025-07-28 18:37:56] INFO johnsonsu_median: 0.1591
[2025-07-28 18:37:56] INFO johnsonsu_mode: 0.1184
[2025-07-28 18:37:56] INFO johnsonsu_variance: 0.4556
[2025-07-28 18:37:56] INFO johnsonsu_sample_variance: 0.4480
[2025-07-28 18:37:56] INFO johnsonsu_skew: 0.3492
[2025-07-28 18:37:56] INFO johnsonsu_kurtosis: 1.8813
[2025-07-28 18:37:56] INFO johnsonsu_aic: 6159.0389
[2025-07-28 18:37:56] INFO johnsonsu_bic: 6183.1592
[2025-07-28 18:37:56] INFO Fitted Logistic Distribution
[2025-07-28 18:37:56] INFO logistic_loc: 0.1704
[2025-07-28 18:37:56] INFO logistic_scale: 0.3677
[2025-07-28 18:37:56] INFO logistic_loglik: -3082.5184
[2025-07-28 18:37:56] INFO logistic_mean: 0.1704
[2025-07-28 18:37:56] INFO logistic_median: 0.1704
[2025-07-28 18:37:56] INFO logistic_mode: 0.1704
[2025-07-28 18:37:56] INFO logistic_variance: 0.4448
[2025-07-28 18:37:56] INFO logistic_sample_variance: 0.4480
[2025-07-28 18:37:56] INFO logistic_skew: 0.0000
[2025-07-28 18:37:56] INFO logistic_kurtosis: 1.2000
[2025-07-28 18:37:56] INFO logistic_aic: 6169.0368
[2025-07-28 18:37:56] INFO logistic_bic: 6181.0970
[2025-07-28 18:37:56] INFO Best fit based on AIC/BIC: Gennorm
[2025-07-28 18:37:56] INFO ✅ Unimodal distribution fit (HS 220300, 2010, M, USD/l) completed in 0.19 seconds.
[2025-07-28 18:37:56] INFO 🚀 Bootstrapping CI (HS 220300, 2010, M, USD/l)
[2025-07-28 18:38:06] INFO 95% CI for Mean: 0.154 – 0.198 (log), 1.167 – 1.218 USD/kg
[2025-07-28 18:38:06] INFO 95% CI for Median: 0.154 – 0.198 (log), 1.167 – 1.218 USD/kg
[2025-07-28 18:38:06] INFO 95% CI for Mode: 0.154 – 0.198 (log), 1.167 – 1.218 USD/kg
[2025-07-28 18:38:06] INFO 95% CI for Variance: 0.421 – 0.476
[2025-07-28 18:38:06] INFO ✅ CI bootstrapping (HS 220300, 2010, M, USD/l) completed in 9.92 seconds.
[2025-07-28 18:38:06] INFO 🚀 Unimodal fit plotting (HS 220300, 2010, M, USD/l)
[2025-07-28 18:38:07] INFO ✅ Unimodal fit plotting (HS 220300, 2010, M, USD/l) completed in 0.34 seconds.
[2025-07-28 18:38:07] INFO ✅ Saved final report to C:/Users/laptop-kl/OneDrive - Universiteit Leiden/PlasticTradeFlow/tradeflow/cml_trade/cml_unit_value_alice\reports\report_220300_2010_m.parquet
